{"C:\\Users\\Kacper\\Desktop\\Work\\Prog\\Summative Project\\app.js":{"path":"C:\\Users\\Kacper\\Desktop\\Work\\Prog\\Summative Project\\app.js","statementMap":{"0":{"start":{"line":1,"column":16},"end":{"line":1,"column":34}},"1":{"start":{"line":2,"column":13},"end":{"line":2,"column":28}},"2":{"start":{"line":3,"column":15},"end":{"line":3,"column":32}},"3":{"start":{"line":4,"column":19},"end":{"line":4,"column":48}},"4":{"start":{"line":6,"column":12},"end":{"line":6,"column":21}},"5":{"start":{"line":10,"column":0},"end":{"line":10,"column":40}},"6":{"start":{"line":11,"column":0},"end":{"line":11,"column":23}},"7":{"start":{"line":12,"column":0},"end":{"line":12,"column":24}},"8":{"start":{"line":13,"column":0},"end":{"line":13,"column":47}},"9":{"start":{"line":14,"column":0},"end":{"line":14,"column":56}},"10":{"start":{"line":15,"column":0},"end":{"line":19,"column":4}},"11":{"start":{"line":21,"column":0},"end":{"line":21,"column":57}},"12":{"start":{"line":22,"column":0},"end":{"line":22,"column":49}},"13":{"start":{"line":23,"column":0},"end":{"line":23,"column":53}},"14":{"start":{"line":24,"column":0},"end":{"line":24,"column":45}},"15":{"start":{"line":25,"column":0},"end":{"line":25,"column":43}},"16":{"start":{"line":28,"column":0},"end":{"line":28,"column":41}},"17":{"start":{"line":31,"column":0},"end":{"line":42,"column":3}},"18":{"start":{"line":33,"column":4},"end":{"line":33,"column":34}},"19":{"start":{"line":34,"column":4},"end":{"line":41,"column":5}},"20":{"start":{"line":35,"column":8},"end":{"line":35,"column":18}},"21":{"start":{"line":36,"column":11},"end":{"line":41,"column":5}},"22":{"start":{"line":37,"column":8},"end":{"line":37,"column":22}},"23":{"start":{"line":38,"column":8},"end":{"line":38,"column":27}},"24":{"start":{"line":40,"column":8},"end":{"line":40,"column":46}},"25":{"start":{"line":44,"column":0},"end":{"line":44,"column":21}}},"fnMap":{"0":{"name":"(anonymous_0)","decl":{"start":{"line":31,"column":8},"end":{"line":31,"column":9}},"loc":{"start":{"line":31,"column":36},"end":{"line":42,"column":1}},"line":31}},"branchMap":{"0":{"loc":{"start":{"line":33,"column":15},"end":{"line":33,"column":32}},"type":"binary-expr","locations":[{"start":{"line":33,"column":15},"end":{"line":33,"column":25}},{"start":{"line":33,"column":29},"end":{"line":33,"column":32}}],"line":33},"1":{"loc":{"start":{"line":34,"column":4},"end":{"line":41,"column":5}},"type":"if","locations":[{"start":{"line":34,"column":4},"end":{"line":41,"column":5}},{"start":{"line":34,"column":4},"end":{"line":41,"column":5}}],"line":34},"2":{"loc":{"start":{"line":36,"column":11},"end":{"line":41,"column":5}},"type":"if","locations":[{"start":{"line":36,"column":11},"end":{"line":41,"column":5}},{"start":{"line":36,"column":11},"end":{"line":41,"column":5}}],"line":36}},"s":{"0":1,"1":1,"2":1,"3":1,"4":1,"5":1,"6":1,"7":1,"8":1,"9":1,"10":1,"11":1,"12":1,"13":1,"14":1,"15":1,"16":1,"17":1,"18":0,"19":0,"20":0,"21":0,"22":0,"23":0,"24":0,"25":1},"f":{"0":0},"b":{"0":[0,0],"1":[0,0],"2":[0,0]},"_coverageSchema":"43e27e138ebf9cfc5966b082cf9a028302ed4184","hash":"925bd7fee850e971ed0390909157248a2a8a8467","contentHash":"ebd9d0e20aa30243567096acfa1daf346b5dbf9a61239c89da407bed228e2b59"},"C:\\Users\\Kacper\\Desktop\\Work\\Prog\\Summative Project\\routes\\assignments.js":{"path":"C:\\Users\\Kacper\\Desktop\\Work\\Prog\\Summative Project\\routes\\assignments.js","statementMap":{"0":{"start":{"line":1,"column":16},"end":{"line":1,"column":34}},"1":{"start":{"line":2,"column":15},"end":{"line":2,"column":31}},"2":{"start":{"line":4,"column":23},"end":{"line":4,"column":51}},"3":{"start":{"line":5,"column":13},"end":{"line":5,"column":35}},"4":{"start":{"line":14,"column":24},"end":{"line":14,"column":26}},"5":{"start":{"line":16,"column":29},"end":{"line":16,"column":31}},"6":{"start":{"line":17,"column":4},"end":{"line":25,"column":5}},"7":{"start":{"line":18,"column":30},"end":{"line":21,"column":22}},"8":{"start":{"line":23,"column":8},"end":{"line":23,"column":66}},"9":{"start":{"line":24,"column":8},"end":{"line":24,"column":40}},"10":{"start":{"line":27,"column":23},"end":{"line":27,"column":25}},"11":{"start":{"line":28,"column":27},"end":{"line":28,"column":29}},"12":{"start":{"line":29,"column":4},"end":{"line":44,"column":5}},"13":{"start":{"line":30,"column":24},"end":{"line":30,"column":47}},"14":{"start":{"line":32,"column":33},"end":{"line":32,"column":68}},"15":{"start":{"line":33,"column":8},"end":{"line":35,"column":9}},"16":{"start":{"line":34,"column":12},"end":{"line":34,"column":103}},"17":{"start":{"line":36,"column":8},"end":{"line":36,"column":45}},"18":{"start":{"line":38,"column":8},"end":{"line":38,"column":64}},"19":{"start":{"line":39,"column":8},"end":{"line":43,"column":9}},"20":{"start":{"line":40,"column":12},"end":{"line":40,"column":54}},"21":{"start":{"line":42,"column":12},"end":{"line":42,"column":56}},"22":{"start":{"line":46,"column":27},"end":{"line":46,"column":29}},"23":{"start":{"line":47,"column":4},"end":{"line":58,"column":5}},"24":{"start":{"line":48,"column":28},"end":{"line":50,"column":20}},"25":{"start":{"line":52,"column":33},"end":{"line":52,"column":72}},"26":{"start":{"line":53,"column":8},"end":{"line":55,"column":9}},"27":{"start":{"line":54,"column":12},"end":{"line":54,"column":103}},"28":{"start":{"line":56,"column":8},"end":{"line":56,"column":61}},"29":{"start":{"line":57,"column":8},"end":{"line":57,"column":82}},"30":{"start":{"line":60,"column":27},"end":{"line":60,"column":29}},"31":{"start":{"line":61,"column":4},"end":{"line":71,"column":5}},"32":{"start":{"line":62,"column":28},"end":{"line":62,"column":55}},"33":{"start":{"line":64,"column":31},"end":{"line":64,"column":90}},"34":{"start":{"line":65,"column":8},"end":{"line":68,"column":9}},"35":{"start":{"line":66,"column":12},"end":{"line":66,"column":34}},"36":{"start":{"line":67,"column":12},"end":{"line":67,"column":103}},"37":{"start":{"line":69,"column":8},"end":{"line":69,"column":57}},"38":{"start":{"line":70,"column":8},"end":{"line":70,"column":104}},"39":{"start":{"line":73,"column":4},"end":{"line":84,"column":6}},"40":{"start":{"line":92,"column":0},"end":{"line":179,"column":3}},"41":{"start":{"line":94,"column":4},"end":{"line":177,"column":5}},"42":{"start":{"line":96,"column":21},"end":{"line":96,"column":67}},"43":{"start":{"line":98,"column":8},"end":{"line":174,"column":9}},"44":{"start":{"line":99,"column":12},"end":{"line":99,"column":80}},"45":{"start":{"line":100,"column":15},"end":{"line":174,"column":9}},"46":{"start":{"line":101,"column":12},"end":{"line":101,"column":94}},"47":{"start":{"line":103,"column":34},"end":{"line":103,"column":86}},"48":{"start":{"line":103,"column":60},"end":{"line":103,"column":85}},"49":{"start":{"line":105,"column":12},"end":{"line":173,"column":13}},"50":{"start":{"line":106,"column":16},"end":{"line":106,"column":91}},"51":{"start":{"line":119,"column":20},"end":{"line":119,"column":41}},"52":{"start":{"line":121,"column":16},"end":{"line":172,"column":17}},"53":{"start":{"line":123,"column":47},"end":{"line":123,"column":87}},"54":{"start":{"line":125,"column":20},"end":{"line":145,"column":21}},"55":{"start":{"line":126,"column":24},"end":{"line":126,"column":123}},"56":{"start":{"line":128,"column":24},"end":{"line":144,"column":25}},"57":{"start":{"line":129,"column":28},"end":{"line":129,"column":69}},"58":{"start":{"line":132,"column":48},"end":{"line":132,"column":105}},"59":{"start":{"line":136,"column":28},"end":{"line":143,"column":29}},"60":{"start":{"line":137,"column":32},"end":{"line":137,"column":108}},"61":{"start":{"line":139,"column":32},"end":{"line":139,"column":64}},"62":{"start":{"line":140,"column":32},"end":{"line":140,"column":70}},"63":{"start":{"line":142,"column":32},"end":{"line":142,"column":73}},"64":{"start":{"line":146,"column":23},"end":{"line":172,"column":17}},"65":{"start":{"line":148,"column":20},"end":{"line":163,"column":21}},"66":{"start":{"line":149,"column":24},"end":{"line":149,"column":100}},"67":{"start":{"line":151,"column":43},"end":{"line":151,"column":77}},"68":{"start":{"line":152,"column":39},"end":{"line":152,"column":41}},"69":{"start":{"line":154,"column":24},"end":{"line":160,"column":25}},"70":{"start":{"line":155,"column":54},"end":{"line":155,"column":89}},"71":{"start":{"line":156,"column":28},"end":{"line":156,"column":59}},"72":{"start":{"line":158,"column":28},"end":{"line":158,"column":59}},"73":{"start":{"line":159,"column":28},"end":{"line":159,"column":58}},"74":{"start":{"line":162,"column":24},"end":{"line":162,"column":53}},"75":{"start":{"line":166,"column":20},"end":{"line":170,"column":21}},"76":{"start":{"line":167,"column":24},"end":{"line":167,"column":113}},"77":{"start":{"line":169,"column":24},"end":{"line":169,"column":58}},"78":{"start":{"line":176,"column":8},"end":{"line":176,"column":16}},"79":{"start":{"line":181,"column":0},"end":{"line":181,"column":24}}},"fnMap":{"0":{"name":"getRestructuredData","decl":{"start":{"line":13,"column":9},"end":{"line":13,"column":28}},"loc":{"start":{"line":13,"column":31},"end":{"line":85,"column":1}},"line":13},"1":{"name":"(anonymous_1)","decl":{"start":{"line":92,"column":16},"end":{"line":92,"column":17}},"loc":{"start":{"line":92,"column":48},"end":{"line":179,"column":1}},"line":92},"2":{"name":"(anonymous_2)","decl":{"start":{"line":103,"column":50},"end":{"line":103,"column":51}},"loc":{"start":{"line":103,"column":60},"end":{"line":103,"column":85}},"line":103}},"branchMap":{"0":{"loc":{"start":{"line":33,"column":8},"end":{"line":35,"column":9}},"type":"if","locations":[{"start":{"line":33,"column":8},"end":{"line":35,"column":9}},{"start":{"line":33,"column":8},"end":{"line":35,"column":9}}],"line":33},"1":{"loc":{"start":{"line":39,"column":8},"end":{"line":43,"column":9}},"type":"if","locations":[{"start":{"line":39,"column":8},"end":{"line":43,"column":9}},{"start":{"line":39,"column":8},"end":{"line":43,"column":9}}],"line":39},"2":{"loc":{"start":{"line":53,"column":8},"end":{"line":55,"column":9}},"type":"if","locations":[{"start":{"line":53,"column":8},"end":{"line":55,"column":9}},{"start":{"line":53,"column":8},"end":{"line":55,"column":9}}],"line":53},"3":{"loc":{"start":{"line":65,"column":8},"end":{"line":68,"column":9}},"type":"if","locations":[{"start":{"line":65,"column":8},"end":{"line":68,"column":9}},{"start":{"line":65,"column":8},"end":{"line":68,"column":9}}],"line":65},"4":{"loc":{"start":{"line":98,"column":8},"end":{"line":174,"column":9}},"type":"if","locations":[{"start":{"line":98,"column":8},"end":{"line":174,"column":9}},{"start":{"line":98,"column":8},"end":{"line":174,"column":9}}],"line":98},"5":{"loc":{"start":{"line":100,"column":15},"end":{"line":174,"column":9}},"type":"if","locations":[{"start":{"line":100,"column":15},"end":{"line":174,"column":9}},{"start":{"line":100,"column":15},"end":{"line":174,"column":9}}],"line":100},"6":{"loc":{"start":{"line":100,"column":19},"end":{"line":100,"column":91}},"type":"binary-expr","locations":[{"start":{"line":100,"column":19},"end":{"line":100,"column":55}},{"start":{"line":100,"column":59},"end":{"line":100,"column":91}}],"line":100},"7":{"loc":{"start":{"line":105,"column":12},"end":{"line":173,"column":13}},"type":"if","locations":[{"start":{"line":105,"column":12},"end":{"line":173,"column":13}},{"start":{"line":105,"column":12},"end":{"line":173,"column":13}}],"line":105},"8":{"loc":{"start":{"line":121,"column":16},"end":{"line":172,"column":17}},"type":"if","locations":[{"start":{"line":121,"column":16},"end":{"line":172,"column":17}},{"start":{"line":121,"column":16},"end":{"line":172,"column":17}}],"line":121},"9":{"loc":{"start":{"line":125,"column":20},"end":{"line":145,"column":21}},"type":"if","locations":[{"start":{"line":125,"column":20},"end":{"line":145,"column":21}},{"start":{"line":125,"column":20},"end":{"line":145,"column":21}}],"line":125},"10":{"loc":{"start":{"line":128,"column":24},"end":{"line":144,"column":25}},"type":"if","locations":[{"start":{"line":128,"column":24},"end":{"line":144,"column":25}},{"start":{"line":128,"column":24},"end":{"line":144,"column":25}}],"line":128},"11":{"loc":{"start":{"line":136,"column":28},"end":{"line":143,"column":29}},"type":"if","locations":[{"start":{"line":136,"column":28},"end":{"line":143,"column":29}},{"start":{"line":136,"column":28},"end":{"line":143,"column":29}}],"line":136},"12":{"loc":{"start":{"line":146,"column":23},"end":{"line":172,"column":17}},"type":"if","locations":[{"start":{"line":146,"column":23},"end":{"line":172,"column":17}},{"start":{"line":146,"column":23},"end":{"line":172,"column":17}}],"line":146},"13":{"loc":{"start":{"line":148,"column":20},"end":{"line":163,"column":21}},"type":"if","locations":[{"start":{"line":148,"column":20},"end":{"line":163,"column":21}},{"start":{"line":148,"column":20},"end":{"line":163,"column":21}}],"line":148},"14":{"loc":{"start":{"line":148,"column":24},"end":{"line":148,"column":93}},"type":"binary-expr","locations":[{"start":{"line":148,"column":24},"end":{"line":148,"column":67}},{"start":{"line":148,"column":71},"end":{"line":148,"column":93}}],"line":148},"15":{"loc":{"start":{"line":154,"column":42},"end":{"line":154,"column":84}},"type":"cond-expr","locations":[{"start":{"line":154,"column":69},"end":{"line":154,"column":71}},{"start":{"line":154,"column":74},"end":{"line":154,"column":84}}],"line":154},"16":{"loc":{"start":{"line":166,"column":20},"end":{"line":170,"column":21}},"type":"if","locations":[{"start":{"line":166,"column":20},"end":{"line":170,"column":21}},{"start":{"line":166,"column":20},"end":{"line":170,"column":21}}],"line":166}},"s":{"0":1,"1":1,"2":1,"3":1,"4":8,"5":8,"6":8,"7":48,"8":48,"9":48,"10":8,"11":8,"12":8,"13":136,"14":136,"15":136,"16":0,"17":136,"18":136,"19":136,"20":40,"21":96,"22":8,"23":8,"24":88,"25":88,"26":88,"27":0,"28":88,"29":88,"30":8,"31":8,"32":248,"33":248,"34":248,"35":0,"36":0,"37":248,"38":248,"39":8,"40":1,"41":11,"42":11,"43":11,"44":1,"45":10,"46":1,"47":9,"48":15,"49":9,"50":1,"51":8,"52":8,"53":4,"54":4,"55":1,"56":3,"57":1,"58":2,"59":2,"60":1,"61":1,"62":1,"63":1,"64":4,"65":2,"66":1,"67":1,"68":1,"69":1,"70":5,"71":5,"72":5,"73":5,"74":1,"75":2,"76":1,"77":1,"78":0,"79":1},"f":{"0":8,"1":11,"2":15},"b":{"0":[0,136],"1":[40,96],"2":[0,88],"3":[0,248],"4":[1,10],"5":[1,9],"6":[10,5],"7":[1,8],"8":[4,4],"9":[1,3],"10":[1,2],"11":[1,1],"12":[2,2],"13":[1,1],"14":[2,1],"15":[0,1],"16":[1,1]},"_coverageSchema":"43e27e138ebf9cfc5966b082cf9a028302ed4184","hash":"279d6e7fbd8115f6c5ef281dc23c452fd459c696","contentHash":"9b36afd17a57786a9770a36c50cb97bf7327bd80d35700448a8211a272d53af4"},"C:\\Users\\Kacper\\Desktop\\Work\\Prog\\Summative Project\\authentication.js":{"path":"C:\\Users\\Kacper\\Desktop\\Work\\Prog\\Summative Project\\authentication.js","statementMap":{"0":{"start":{"line":1,"column":15},"end":{"line":1,"column":41}},"1":{"start":{"line":3,"column":23},"end":{"line":3,"column":53}},"2":{"start":{"line":4,"column":15},"end":{"line":4,"column":48}},"3":{"start":{"line":14,"column":15},"end":{"line":37,"column":1}},"4":{"start":{"line":16,"column":4},"end":{"line":36,"column":5}},"5":{"start":{"line":17,"column":8},"end":{"line":17,"column":25}},"6":{"start":{"line":20,"column":8},"end":{"line":34,"column":9}},"7":{"start":{"line":21,"column":27},"end":{"line":24,"column":14}},"8":{"start":{"line":25,"column":28},"end":{"line":25,"column":47}},"9":{"start":{"line":26,"column":12},"end":{"line":30,"column":13}},"10":{"start":{"line":27,"column":16},"end":{"line":27,"column":31}},"11":{"start":{"line":29,"column":16},"end":{"line":29,"column":33}},"12":{"start":{"line":32,"column":12},"end":{"line":32,"column":29}},"13":{"start":{"line":33,"column":12},"end":{"line":33,"column":29}},"14":{"start":{"line":39,"column":19},"end":{"line":49,"column":1}},"15":{"start":{"line":40,"column":4},"end":{"line":48,"column":5}},"16":{"start":{"line":41,"column":8},"end":{"line":41,"column":49}},"17":{"start":{"line":42,"column":11},"end":{"line":48,"column":5}},"18":{"start":{"line":43,"column":8},"end":{"line":43,"column":44}},"19":{"start":{"line":44,"column":11},"end":{"line":48,"column":5}},"20":{"start":{"line":45,"column":8},"end":{"line":45,"column":48}},"21":{"start":{"line":47,"column":8},"end":{"line":47,"column":25}},"22":{"start":{"line":51,"column":0},"end":{"line":51,"column":78}}},"fnMap":{"0":{"name":"(anonymous_0)","decl":{"start":{"line":14,"column":15},"end":{"line":14,"column":16}},"loc":{"start":{"line":14,"column":38},"end":{"line":37,"column":1}},"line":14},"1":{"name":"(anonymous_1)","decl":{"start":{"line":39,"column":19},"end":{"line":39,"column":20}},"loc":{"start":{"line":39,"column":42},"end":{"line":49,"column":1}},"line":39}},"branchMap":{"0":{"loc":{"start":{"line":16,"column":4},"end":{"line":36,"column":5}},"type":"if","locations":[{"start":{"line":16,"column":4},"end":{"line":36,"column":5}},{"start":{"line":16,"column":4},"end":{"line":36,"column":5}}],"line":16},"1":{"loc":{"start":{"line":26,"column":12},"end":{"line":30,"column":13}},"type":"if","locations":[{"start":{"line":26,"column":12},"end":{"line":30,"column":13}},{"start":{"line":26,"column":12},"end":{"line":30,"column":13}}],"line":26},"2":{"loc":{"start":{"line":40,"column":4},"end":{"line":48,"column":5}},"type":"if","locations":[{"start":{"line":40,"column":4},"end":{"line":48,"column":5}},{"start":{"line":40,"column":4},"end":{"line":48,"column":5}}],"line":40},"3":{"loc":{"start":{"line":42,"column":11},"end":{"line":48,"column":5}},"type":"if","locations":[{"start":{"line":42,"column":11},"end":{"line":48,"column":5}},{"start":{"line":42,"column":11},"end":{"line":48,"column":5}}],"line":42},"4":{"loc":{"start":{"line":44,"column":11},"end":{"line":48,"column":5}},"type":"if","locations":[{"start":{"line":44,"column":11},"end":{"line":48,"column":5}},{"start":{"line":44,"column":11},"end":{"line":48,"column":5}}],"line":44},"5":{"loc":{"start":{"line":51,"column":24},"end":{"line":51,"column":77}},"type":"cond-expr","locations":[{"start":{"line":51,"column":58},"end":{"line":51,"column":68}},{"start":{"line":51,"column":71},"end":{"line":51,"column":77}}],"line":51}},"s":{"0":1,"1":1,"2":1,"3":1,"4":0,"5":0,"6":0,"7":0,"8":0,"9":0,"10":0,"11":0,"12":0,"13":0,"14":1,"15":51,"16":29,"17":22,"18":14,"19":8,"20":4,"21":4,"22":1},"f":{"0":0,"1":51},"b":{"0":[0,0],"1":[0,0],"2":[29,22],"3":[14,8],"4":[4,4],"5":[1,0]},"_coverageSchema":"43e27e138ebf9cfc5966b082cf9a028302ed4184","hash":"d1ba395f7a4d5b4340dcb783cb18f65b41666a25","contentHash":"949a6b8dff655298917aa4acc895f75327410aa46f914385de9d81e9190a424f"},"C:\\Users\\Kacper\\Desktop\\Work\\Prog\\Summative Project\\config\\config.js":{"path":"C:\\Users\\Kacper\\Desktop\\Work\\Prog\\Summative Project\\config\\config.js","statementMap":{"0":{"start":{"line":1,"column":10},"end":{"line":1,"column":27}},"1":{"start":{"line":3,"column":15},"end":{"line":3,"column":39}},"2":{"start":{"line":6,"column":22},"end":{"line":6,"column":40}},"3":{"start":{"line":7,"column":26},"end":{"line":7,"column":71}},"4":{"start":{"line":8,"column":20},"end":{"line":8,"column":61}},"5":{"start":{"line":10,"column":0},"end":{"line":10,"column":29}}},"fnMap":{},"branchMap":{"0":{"loc":{"start":{"line":7,"column":33},"end":{"line":7,"column":70}},"type":"binary-expr","locations":[{"start":{"line":7,"column":33},"end":{"line":7,"column":53}},{"start":{"line":7,"column":57},"end":{"line":7,"column":70}}],"line":7}},"s":{"0":1,"1":1,"2":1,"3":1,"4":1,"5":1},"f":{},"b":{"0":[1,0]},"_coverageSchema":"43e27e138ebf9cfc5966b082cf9a028302ed4184","hash":"0b3f022a9da9a2d2c04ac82474a248c3d00af229","contentHash":"bc309abe6bbb8bd90cbca458e17e465147077335a683cc65fbb17f38d0761d9c"},"C:\\Users\\Kacper\\Desktop\\Work\\Prog\\Summative Project\\database.js":{"path":"C:\\Users\\Kacper\\Desktop\\Work\\Prog\\Summative Project\\database.js","statementMap":{"0":{"start":{"line":1,"column":10},"end":{"line":1,"column":27}},"1":{"start":{"line":3,"column":16},"end":{"line":3,"column":45}},"2":{"start":{"line":6,"column":20},"end":{"line":6,"column":38}},"3":{"start":{"line":7,"column":24},"end":{"line":9,"column":45}},"4":{"start":{"line":10,"column":13},"end":{"line":10,"column":50}},"5":{"start":{"line":34,"column":0},"end":{"line":34,"column":34}},"6":{"start":{"line":55,"column":0},"end":{"line":55,"column":32}},"7":{"start":{"line":79,"column":0},"end":{"line":79,"column":46}},"8":{"start":{"line":95,"column":0},"end":{"line":95,"column":58}},"9":{"start":{"line":113,"column":0},"end":{"line":113,"column":54}},"10":{"start":{"line":129,"column":0},"end":{"line":129,"column":38}},"11":{"start":{"line":148,"column":0},"end":{"line":148,"column":36}},"12":{"start":{"line":164,"column":0},"end":{"line":164,"column":42}},"13":{"start":{"line":185,"column":0},"end":{"line":185,"column":54}}},"fnMap":{},"branchMap":{"0":{"loc":{"start":{"line":7,"column":32},"end":{"line":9,"column":44}},"type":"cond-expr","locations":[{"start":{"line":8,"column":6},"end":{"line":8,"column":19}},{"start":{"line":9,"column":7},"end":{"line":9,"column":43}}],"line":7},"1":{"loc":{"start":{"line":9,"column":7},"end":{"line":9,"column":43}},"type":"binary-expr","locations":[{"start":{"line":9,"column":7},"end":{"line":9,"column":27}},{"start":{"line":9,"column":31},"end":{"line":9,"column":43}}],"line":9}},"s":{"0":1,"1":1,"2":1,"3":1,"4":1,"5":1,"6":1,"7":1,"8":1,"9":1,"10":1,"11":1,"12":1,"13":1},"f":{},"b":{"0":[1,0],"1":[0,0]},"_coverageSchema":"43e27e138ebf9cfc5966b082cf9a028302ed4184","hash":"229e00b6b34fce2aad1f08afb91cf1b6cc4eab27","contentHash":"56b8c7fc44786825755f22daec5e84ef35cc5e7cbef5a0b25b9c06e86462df26"},"C:\\Users\\Kacper\\Desktop\\Work\\Prog\\Summative Project\\routes\\reviews.js":{"path":"C:\\Users\\Kacper\\Desktop\\Work\\Prog\\Summative Project\\routes\\reviews.js","statementMap":{"0":{"start":{"line":1,"column":16},"end":{"line":1,"column":34}},"1":{"start":{"line":2,"column":15},"end":{"line":2,"column":31}},"2":{"start":{"line":4,"column":23},"end":{"line":4,"column":51}},"3":{"start":{"line":5,"column":13},"end":{"line":5,"column":35}},"4":{"start":{"line":29,"column":23},"end":{"line":29,"column":25}},"5":{"start":{"line":30,"column":4},"end":{"line":37,"column":5}},"6":{"start":{"line":31,"column":24},"end":{"line":31,"column":47}},"7":{"start":{"line":33,"column":8},"end":{"line":33,"column":29}},"8":{"start":{"line":34,"column":8},"end":{"line":34,"column":31}},"9":{"start":{"line":36,"column":8},"end":{"line":36,"column":42}},"10":{"start":{"line":39,"column":29},"end":{"line":39,"column":31}},"11":{"start":{"line":40,"column":4},"end":{"line":42,"column":5}},"12":{"start":{"line":41,"column":8},"end":{"line":41,"column":82}},"13":{"start":{"line":44,"column":23},"end":{"line":44,"column":25}},"14":{"start":{"line":45,"column":27},"end":{"line":45,"column":29}},"15":{"start":{"line":46,"column":4},"end":{"line":68,"column":5}},"16":{"start":{"line":47,"column":33},"end":{"line":47,"column":68}},"17":{"start":{"line":48,"column":8},"end":{"line":50,"column":9}},"18":{"start":{"line":49,"column":12},"end":{"line":49,"column":103}},"19":{"start":{"line":52,"column":23},"end":{"line":52,"column":48}},"20":{"start":{"line":53,"column":8},"end":{"line":55,"column":9}},"21":{"start":{"line":54,"column":12},"end":{"line":54,"column":103}},"22":{"start":{"line":57,"column":24},"end":{"line":60,"column":16}},"23":{"start":{"line":62,"column":8},"end":{"line":62,"column":64}},"24":{"start":{"line":63,"column":8},"end":{"line":67,"column":9}},"25":{"start":{"line":64,"column":12},"end":{"line":64,"column":54}},"26":{"start":{"line":66,"column":12},"end":{"line":66,"column":56}},"27":{"start":{"line":70,"column":24},"end":{"line":70,"column":44}},"28":{"start":{"line":72,"column":20},"end":{"line":72,"column":22}},"29":{"start":{"line":74,"column":25},"end":{"line":74,"column":27}},"30":{"start":{"line":75,"column":32},"end":{"line":75,"column":34}},"31":{"start":{"line":76,"column":4},"end":{"line":112,"column":5}},"32":{"start":{"line":77,"column":27},"end":{"line":77,"column":76}},"33":{"start":{"line":78,"column":8},"end":{"line":80,"column":9}},"34":{"start":{"line":79,"column":12},"end":{"line":79,"column":103}},"35":{"start":{"line":82,"column":25},"end":{"line":82,"column":54}},"36":{"start":{"line":83,"column":8},"end":{"line":85,"column":9}},"37":{"start":{"line":84,"column":12},"end":{"line":84,"column":103}},"38":{"start":{"line":87,"column":33},"end":{"line":87,"column":70}},"39":{"start":{"line":88,"column":8},"end":{"line":90,"column":9}},"40":{"start":{"line":89,"column":12},"end":{"line":89,"column":103}},"41":{"start":{"line":92,"column":8},"end":{"line":95,"column":9}},"42":{"start":{"line":93,"column":12},"end":{"line":93,"column":66}},"43":{"start":{"line":97,"column":26},"end":{"line":102,"column":18}},"44":{"start":{"line":104,"column":8},"end":{"line":104,"column":32}},"45":{"start":{"line":106,"column":8},"end":{"line":106,"column":92}},"46":{"start":{"line":107,"column":8},"end":{"line":111,"column":9}},"47":{"start":{"line":108,"column":12},"end":{"line":108,"column":65}},"48":{"start":{"line":110,"column":12},"end":{"line":110,"column":67}},"49":{"start":{"line":114,"column":24},"end":{"line":114,"column":26}},"50":{"start":{"line":115,"column":4},"end":{"line":126,"column":5}},"51":{"start":{"line":116,"column":25},"end":{"line":116,"column":49}},"52":{"start":{"line":118,"column":29},"end":{"line":118,"column":97}},"53":{"start":{"line":119,"column":8},"end":{"line":122,"column":9}},"54":{"start":{"line":120,"column":12},"end":{"line":120,"column":96}},"55":{"start":{"line":121,"column":12},"end":{"line":121,"column":103}},"56":{"start":{"line":123,"column":8},"end":{"line":123,"column":43}},"57":{"start":{"line":125,"column":8},"end":{"line":125,"column":103}},"58":{"start":{"line":128,"column":27},"end":{"line":128,"column":29}},"59":{"start":{"line":129,"column":32},"end":{"line":129,"column":34}},"60":{"start":{"line":130,"column":4},"end":{"line":163,"column":5}},"61":{"start":{"line":132,"column":29},"end":{"line":132,"column":106}},"62":{"start":{"line":133,"column":8},"end":{"line":135,"column":9}},"63":{"start":{"line":134,"column":12},"end":{"line":134,"column":103}},"64":{"start":{"line":137,"column":33},"end":{"line":137,"column":72}},"65":{"start":{"line":140,"column":23},"end":{"line":140,"column":52}},"66":{"start":{"line":141,"column":8},"end":{"line":143,"column":9}},"67":{"start":{"line":142,"column":12},"end":{"line":142,"column":103}},"68":{"start":{"line":145,"column":8},"end":{"line":148,"column":9}},"69":{"start":{"line":146,"column":12},"end":{"line":146,"column":70}},"70":{"start":{"line":150,"column":28},"end":{"line":153,"column":20}},"71":{"start":{"line":155,"column":8},"end":{"line":155,"column":49}},"72":{"start":{"line":156,"column":8},"end":{"line":156,"column":122}},"73":{"start":{"line":158,"column":8},"end":{"line":162,"column":9}},"74":{"start":{"line":159,"column":12},"end":{"line":159,"column":67}},"75":{"start":{"line":161,"column":12},"end":{"line":161,"column":69}},"76":{"start":{"line":165,"column":33},"end":{"line":165,"column":35}},"77":{"start":{"line":166,"column":4},"end":{"line":184,"column":5}},"78":{"start":{"line":168,"column":31},"end":{"line":168,"column":122}},"79":{"start":{"line":169,"column":33},"end":{"line":169,"column":70}},"80":{"start":{"line":171,"column":8},"end":{"line":173,"column":9}},"81":{"start":{"line":172,"column":12},"end":{"line":172,"column":29}},"82":{"start":{"line":175,"column":26},"end":{"line":175,"column":51}},"83":{"start":{"line":177,"column":8},"end":{"line":180,"column":9}},"84":{"start":{"line":178,"column":12},"end":{"line":178,"column":32}},"85":{"start":{"line":179,"column":12},"end":{"line":179,"column":103}},"86":{"start":{"line":181,"column":8},"end":{"line":181,"column":55}},"87":{"start":{"line":183,"column":8},"end":{"line":183,"column":138}},"88":{"start":{"line":191,"column":4},"end":{"line":200,"column":6}},"89":{"start":{"line":237,"column":4},"end":{"line":254,"column":5}},"90":{"start":{"line":238,"column":8},"end":{"line":238,"column":83}},"91":{"start":{"line":238,"column":36},"end":{"line":238,"column":81}},"92":{"start":{"line":240,"column":23},"end":{"line":240,"column":25}},"93":{"start":{"line":241,"column":8},"end":{"line":252,"column":9}},"94":{"start":{"line":242,"column":12},"end":{"line":251,"column":13}},"95":{"start":{"line":243,"column":16},"end":{"line":243,"column":38}},"96":{"start":{"line":244,"column":16},"end":{"line":250,"column":17}},"97":{"start":{"line":245,"column":20},"end":{"line":245,"column":39}},"98":{"start":{"line":246,"column":23},"end":{"line":250,"column":17}},"99":{"start":{"line":247,"column":20},"end":{"line":247,"column":87}},"100":{"start":{"line":249,"column":20},"end":{"line":249,"column":46}},"101":{"start":{"line":253,"column":8},"end":{"line":253,"column":22}},"102":{"start":{"line":261,"column":0},"end":{"line":350,"column":3}},"103":{"start":{"line":263,"column":4},"end":{"line":348,"column":5}},"104":{"start":{"line":265,"column":21},"end":{"line":265,"column":67}},"105":{"start":{"line":267,"column":8},"end":{"line":344,"column":9}},"106":{"start":{"line":268,"column":12},"end":{"line":268,"column":80}},"107":{"start":{"line":271,"column":34},"end":{"line":271,"column":86}},"108":{"start":{"line":271,"column":60},"end":{"line":271,"column":85}},"109":{"start":{"line":273,"column":12},"end":{"line":342,"column":13}},"110":{"start":{"line":274,"column":16},"end":{"line":274,"column":91}},"111":{"start":{"line":275,"column":19},"end":{"line":342,"column":13}},"112":{"start":{"line":277,"column":16},"end":{"line":281,"column":17}},"113":{"start":{"line":278,"column":20},"end":{"line":278,"column":101}},"114":{"start":{"line":280,"column":20},"end":{"line":280,"column":72}},"115":{"start":{"line":284,"column":16},"end":{"line":341,"column":17}},"116":{"start":{"line":285,"column":20},"end":{"line":285,"column":114}},"117":{"start":{"line":288,"column":47},"end":{"line":288,"column":107}},"118":{"start":{"line":288,"column":73},"end":{"line":288,"column":106}},"119":{"start":{"line":290,"column":20},"end":{"line":339,"column":21}},"120":{"start":{"line":291,"column":24},"end":{"line":291,"column":79}},"121":{"start":{"line":294,"column":44},"end":{"line":294,"column":64}},"122":{"start":{"line":295,"column":43},"end":{"line":299,"column":25}},"123":{"start":{"line":306,"column":28},"end":{"line":306,"column":49}},"124":{"start":{"line":308,"column":24},"end":{"line":333,"column":27}},"125":{"start":{"line":310,"column":47},"end":{"line":310,"column":84}},"126":{"start":{"line":313,"column":28},"end":{"line":332,"column":29}},"127":{"start":{"line":316,"column":32},"end":{"line":316,"column":63}},"128":{"start":{"line":319,"column":35},"end":{"line":332,"column":29}},"129":{"start":{"line":320,"column":32},"end":{"line":320,"column":123}},"130":{"start":{"line":320,"column":89},"end":{"line":320,"column":121}},"131":{"start":{"line":321,"column":32},"end":{"line":321,"column":65}},"132":{"start":{"line":325,"column":57},"end":{"line":325,"column":133}},"133":{"start":{"line":325,"column":93},"end":{"line":325,"column":132}},"134":{"start":{"line":327,"column":32},"end":{"line":331,"column":33}},"135":{"start":{"line":328,"column":36},"end":{"line":328,"column":60}},"136":{"start":{"line":329,"column":36},"end":{"line":329,"column":71}},"137":{"start":{"line":330,"column":36},"end":{"line":330,"column":67}},"138":{"start":{"line":335,"column":24},"end":{"line":335,"column":57}},"139":{"start":{"line":347,"column":8},"end":{"line":347,"column":16}},"140":{"start":{"line":356,"column":0},"end":{"line":587,"column":3}},"141":{"start":{"line":358,"column":4},"end":{"line":586,"column":5}},"142":{"start":{"line":360,"column":21},"end":{"line":360,"column":67}},"143":{"start":{"line":362,"column":8},"end":{"line":582,"column":9}},"144":{"start":{"line":363,"column":12},"end":{"line":363,"column":76}},"145":{"start":{"line":364,"column":15},"end":{"line":582,"column":9}},"146":{"start":{"line":365,"column":12},"end":{"line":365,"column":74}},"147":{"start":{"line":366,"column":15},"end":{"line":582,"column":9}},"148":{"start":{"line":367,"column":12},"end":{"line":367,"column":83}},"149":{"start":{"line":369,"column":15},"end":{"line":582,"column":9}},"150":{"start":{"line":370,"column":12},"end":{"line":370,"column":108}},"151":{"start":{"line":371,"column":15},"end":{"line":582,"column":9}},"152":{"start":{"line":372,"column":12},"end":{"line":372,"column":81}},"153":{"start":{"line":373,"column":15},"end":{"line":582,"column":9}},"154":{"start":{"line":374,"column":12},"end":{"line":374,"column":79}},"155":{"start":{"line":376,"column":15},"end":{"line":582,"column":9}},"156":{"start":{"line":377,"column":12},"end":{"line":377,"column":99}},"157":{"start":{"line":380,"column":33},"end":{"line":380,"column":85}},"158":{"start":{"line":380,"column":59},"end":{"line":380,"column":84}},"159":{"start":{"line":381,"column":31},"end":{"line":381,"column":119}},"160":{"start":{"line":381,"column":69},"end":{"line":381,"column":118}},"161":{"start":{"line":382,"column":32},"end":{"line":382,"column":52}},"162":{"start":{"line":384,"column":12},"end":{"line":581,"column":13}},"163":{"start":{"line":385,"column":16},"end":{"line":385,"column":91}},"164":{"start":{"line":386,"column":19},"end":{"line":581,"column":13}},"165":{"start":{"line":387,"column":16},"end":{"line":387,"column":77}},"166":{"start":{"line":388,"column":19},"end":{"line":581,"column":13}},"167":{"start":{"line":391,"column":16},"end":{"line":391,"column":107}},"168":{"start":{"line":392,"column":19},"end":{"line":581,"column":13}},"169":{"start":{"line":395,"column":16},"end":{"line":395,"column":109}},"170":{"start":{"line":397,"column":19},"end":{"line":581,"column":13}},"171":{"start":{"line":400,"column":16},"end":{"line":400,"column":109}},"172":{"start":{"line":402,"column":19},"end":{"line":581,"column":13}},"173":{"start":{"line":405,"column":16},"end":{"line":405,"column":111}},"174":{"start":{"line":409,"column":16},"end":{"line":580,"column":17}},"175":{"start":{"line":411,"column":42},"end":{"line":413,"column":88}},"176":{"start":{"line":413,"column":52},"end":{"line":413,"column":87}},"177":{"start":{"line":415,"column":43},"end":{"line":416,"column":65}},"178":{"start":{"line":415,"column":66},"end":{"line":416,"column":64}},"179":{"start":{"line":418,"column":20},"end":{"line":495,"column":21}},"180":{"start":{"line":419,"column":24},"end":{"line":419,"column":88}},"181":{"start":{"line":420,"column":27},"end":{"line":495,"column":21}},"182":{"start":{"line":421,"column":24},"end":{"line":421,"column":125}},"183":{"start":{"line":424,"column":52},"end":{"line":424,"column":54}},"184":{"start":{"line":425,"column":53},"end":{"line":425,"column":55}},"185":{"start":{"line":426,"column":24},"end":{"line":436,"column":31}},"186":{"start":{"line":426,"column":56},"end":{"line":426,"column":101}},"187":{"start":{"line":428,"column":32},"end":{"line":430,"column":33}},"188":{"start":{"line":429,"column":36},"end":{"line":429,"column":81}},"189":{"start":{"line":431,"column":32},"end":{"line":435,"column":33}},"190":{"start":{"line":432,"column":36},"end":{"line":432,"column":77}},"191":{"start":{"line":434,"column":36},"end":{"line":434,"column":78}},"192":{"start":{"line":438,"column":47},"end":{"line":442,"column":70}},"193":{"start":{"line":439,"column":28},"end":{"line":442,"column":69}},"194":{"start":{"line":444,"column":24},"end":{"line":493,"column":25}},"195":{"start":{"line":445,"column":28},"end":{"line":445,"column":87}},"196":{"start":{"line":448,"column":49},"end":{"line":452,"column":75}},"197":{"start":{"line":449,"column":47},"end":{"line":451,"column":72}},"198":{"start":{"line":452,"column":55},"end":{"line":452,"column":74}},"199":{"start":{"line":454,"column":50},"end":{"line":458,"column":95}},"200":{"start":{"line":456,"column":36},"end":{"line":458,"column":94}},"201":{"start":{"line":460,"column":49},"end":{"line":460,"column":112}},"202":{"start":{"line":461,"column":43},"end":{"line":461,"column":107}},"203":{"start":{"line":461,"column":69},"end":{"line":461,"column":106}},"204":{"start":{"line":463,"column":46},"end":{"line":469,"column":29}},"205":{"start":{"line":471,"column":28},"end":{"line":471,"column":57}},"206":{"start":{"line":473,"column":28},"end":{"line":491,"column":32}},"207":{"start":{"line":499,"column":39},"end":{"line":501,"column":86}},"208":{"start":{"line":501,"column":52},"end":{"line":501,"column":85}},"209":{"start":{"line":503,"column":43},"end":{"line":504,"column":63}},"210":{"start":{"line":503,"column":66},"end":{"line":504,"column":62}},"211":{"start":{"line":506,"column":20},"end":{"line":579,"column":21}},"212":{"start":{"line":507,"column":24},"end":{"line":507,"column":86}},"213":{"start":{"line":508,"column":27},"end":{"line":579,"column":21}},"214":{"start":{"line":509,"column":24},"end":{"line":509,"column":127}},"215":{"start":{"line":512,"column":54},"end":{"line":512,"column":56}},"216":{"start":{"line":513,"column":56},"end":{"line":513,"column":58}},"217":{"start":{"line":515,"column":24},"end":{"line":525,"column":31}},"218":{"start":{"line":515,"column":60},"end":{"line":515,"column":107}},"219":{"start":{"line":517,"column":32},"end":{"line":519,"column":33}},"220":{"start":{"line":518,"column":36},"end":{"line":518,"column":108}},"221":{"start":{"line":520,"column":32},"end":{"line":524,"column":33}},"222":{"start":{"line":521,"column":36},"end":{"line":521,"column":83}},"223":{"start":{"line":523,"column":36},"end":{"line":523,"column":84}},"224":{"start":{"line":527,"column":49},"end":{"line":532,"column":71}},"225":{"start":{"line":528,"column":28},"end":{"line":532,"column":70}},"226":{"start":{"line":534,"column":24},"end":{"line":578,"column":25}},"227":{"start":{"line":535,"column":28},"end":{"line":535,"column":91}},"228":{"start":{"line":538,"column":51},"end":{"line":542,"column":75}},"229":{"start":{"line":539,"column":49},"end":{"line":541,"column":78}},"230":{"start":{"line":542,"column":55},"end":{"line":542,"column":74}},"231":{"start":{"line":544,"column":50},"end":{"line":548,"column":103}},"232":{"start":{"line":546,"column":36},"end":{"line":548,"column":102}},"233":{"start":{"line":550,"column":53},"end":{"line":550,"column":116}},"234":{"start":{"line":552,"column":48},"end":{"line":558,"column":29}},"235":{"start":{"line":560,"column":28},"end":{"line":560,"column":61}},"236":{"start":{"line":565,"column":47},"end":{"line":569,"column":29}},"237":{"start":{"line":566,"column":32},"end":{"line":568,"column":84}},"238":{"start":{"line":571,"column":49},"end":{"line":572,"column":72}},"239":{"start":{"line":572,"column":32},"end":{"line":572,"column":71}},"240":{"start":{"line":574,"column":28},"end":{"line":574,"column":56}},"241":{"start":{"line":575,"column":28},"end":{"line":575,"column":63}},"242":{"start":{"line":577,"column":28},"end":{"line":577,"column":61}},"243":{"start":{"line":585,"column":8},"end":{"line":585,"column":16}},"244":{"start":{"line":593,"column":0},"end":{"line":953,"column":3}},"245":{"start":{"line":597,"column":4},"end":{"line":951,"column":5}},"246":{"start":{"line":599,"column":21},"end":{"line":599,"column":67}},"247":{"start":{"line":601,"column":8},"end":{"line":948,"column":9}},"248":{"start":{"line":602,"column":12},"end":{"line":602,"column":76}},"249":{"start":{"line":604,"column":15},"end":{"line":948,"column":9}},"250":{"start":{"line":605,"column":12},"end":{"line":605,"column":74}},"251":{"start":{"line":606,"column":15},"end":{"line":948,"column":9}},"252":{"start":{"line":607,"column":12},"end":{"line":607,"column":83}},"253":{"start":{"line":609,"column":15},"end":{"line":948,"column":9}},"254":{"start":{"line":610,"column":12},"end":{"line":610,"column":70}},"255":{"start":{"line":611,"column":15},"end":{"line":948,"column":9}},"256":{"start":{"line":612,"column":12},"end":{"line":612,"column":79}},"257":{"start":{"line":614,"column":15},"end":{"line":948,"column":9}},"258":{"start":{"line":615,"column":12},"end":{"line":615,"column":68}},"259":{"start":{"line":616,"column":15},"end":{"line":948,"column":9}},"260":{"start":{"line":617,"column":12},"end":{"line":617,"column":78}},"261":{"start":{"line":619,"column":15},"end":{"line":948,"column":9}},"262":{"start":{"line":620,"column":12},"end":{"line":620,"column":79}},"263":{"start":{"line":621,"column":15},"end":{"line":948,"column":9}},"264":{"start":{"line":622,"column":12},"end":{"line":622,"column":81}},"265":{"start":{"line":626,"column":32},"end":{"line":626,"column":52}},"266":{"start":{"line":628,"column":33},"end":{"line":628,"column":85}},"267":{"start":{"line":628,"column":59},"end":{"line":628,"column":84}},"268":{"start":{"line":629,"column":31},"end":{"line":629,"column":119}},"269":{"start":{"line":629,"column":69},"end":{"line":629,"column":118}},"270":{"start":{"line":631,"column":36},"end":{"line":632,"column":86}},"271":{"start":{"line":632,"column":38},"end":{"line":632,"column":85}},"272":{"start":{"line":634,"column":12},"end":{"line":946,"column":13}},"273":{"start":{"line":635,"column":16},"end":{"line":635,"column":100}},"274":{"start":{"line":636,"column":19},"end":{"line":946,"column":13}},"275":{"start":{"line":638,"column":31},"end":{"line":642,"column":17}},"276":{"start":{"line":639,"column":20},"end":{"line":641,"column":64}},"277":{"start":{"line":644,"column":16},"end":{"line":785,"column":17}},"278":{"start":{"line":645,"column":20},"end":{"line":645,"column":77}},"279":{"start":{"line":647,"column":23},"end":{"line":785,"column":17}},"280":{"start":{"line":651,"column":20},"end":{"line":651,"column":86}},"281":{"start":{"line":652,"column":23},"end":{"line":785,"column":17}},"282":{"start":{"line":657,"column":20},"end":{"line":657,"column":83}},"283":{"start":{"line":658,"column":23},"end":{"line":785,"column":17}},"284":{"start":{"line":659,"column":20},"end":{"line":659,"column":97}},"285":{"start":{"line":661,"column":23},"end":{"line":785,"column":17}},"286":{"start":{"line":663,"column":20},"end":{"line":665,"column":23}},"287":{"start":{"line":666,"column":23},"end":{"line":785,"column":17}},"288":{"start":{"line":667,"column":20},"end":{"line":667,"column":112}},"289":{"start":{"line":670,"column":23},"end":{"line":785,"column":17}},"290":{"start":{"line":671,"column":20},"end":{"line":671,"column":79}},"291":{"start":{"line":672,"column":23},"end":{"line":785,"column":17}},"292":{"start":{"line":673,"column":20},"end":{"line":673,"column":119}},"293":{"start":{"line":675,"column":20},"end":{"line":675,"column":103}},"294":{"start":{"line":677,"column":23},"end":{"line":785,"column":17}},"295":{"start":{"line":678,"column":31},"end":{"line":679,"column":63}},"296":{"start":{"line":681,"column":20},"end":{"line":681,"column":106}},"297":{"start":{"line":683,"column":23},"end":{"line":785,"column":17}},"298":{"start":{"line":684,"column":31},"end":{"line":684,"column":84}},"299":{"start":{"line":685,"column":20},"end":{"line":685,"column":99}},"300":{"start":{"line":687,"column":23},"end":{"line":785,"column":17}},"301":{"start":{"line":687,"column":59},"end":{"line":689,"column":56}},"302":{"start":{"line":691,"column":20},"end":{"line":691,"column":103}},"303":{"start":{"line":693,"column":23},"end":{"line":785,"column":17}},"304":{"start":{"line":694,"column":31},"end":{"line":696,"column":72}},"305":{"start":{"line":698,"column":20},"end":{"line":698,"column":98}},"306":{"start":{"line":700,"column":23},"end":{"line":785,"column":17}},"307":{"start":{"line":701,"column":31},"end":{"line":701,"column":78}},"308":{"start":{"line":703,"column":20},"end":{"line":705,"column":23}},"309":{"start":{"line":706,"column":23},"end":{"line":785,"column":17}},"310":{"start":{"line":707,"column":31},"end":{"line":708,"column":92}},"311":{"start":{"line":710,"column":20},"end":{"line":712,"column":23}},"312":{"start":{"line":715,"column":47},"end":{"line":715,"column":49}},"313":{"start":{"line":716,"column":20},"end":{"line":718,"column":23}},"314":{"start":{"line":717,"column":24},"end":{"line":717,"column":93}},"315":{"start":{"line":720,"column":41},"end":{"line":720,"column":43}},"316":{"start":{"line":722,"column":20},"end":{"line":783,"column":21}},"317":{"start":{"line":723,"column":24},"end":{"line":723,"column":99}},"318":{"start":{"line":724,"column":27},"end":{"line":783,"column":21}},"319":{"start":{"line":725,"column":35},"end":{"line":725,"column":104}},"320":{"start":{"line":727,"column":24},"end":{"line":727,"column":117}},"321":{"start":{"line":729,"column":27},"end":{"line":783,"column":21}},"322":{"start":{"line":730,"column":24},"end":{"line":735,"column":25}},"323":{"start":{"line":731,"column":28},"end":{"line":731,"column":85}},"324":{"start":{"line":732,"column":28},"end":{"line":732,"column":41}},"325":{"start":{"line":734,"column":28},"end":{"line":734,"column":40}},"326":{"start":{"line":737,"column":24},"end":{"line":737,"column":107}},"327":{"start":{"line":739,"column":27},"end":{"line":783,"column":21}},"328":{"start":{"line":740,"column":24},"end":{"line":740,"column":110}},"329":{"start":{"line":743,"column":24},"end":{"line":745,"column":25}},"330":{"start":{"line":744,"column":28},"end":{"line":744,"column":62}},"331":{"start":{"line":747,"column":49},"end":{"line":747,"column":51}},"332":{"start":{"line":748,"column":24},"end":{"line":753,"column":27}},"333":{"start":{"line":748,"column":54},"end":{"line":750,"column":71}},"334":{"start":{"line":752,"column":28},"end":{"line":752,"column":90}},"335":{"start":{"line":755,"column":24},"end":{"line":772,"column":27}},"336":{"start":{"line":757,"column":28},"end":{"line":771,"column":29}},"337":{"start":{"line":758,"column":32},"end":{"line":766,"column":35}},"338":{"start":{"line":768,"column":54},"end":{"line":768,"column":107}},"339":{"start":{"line":769,"column":32},"end":{"line":769,"column":98}},"340":{"start":{"line":770,"column":32},"end":{"line":770,"column":107}},"341":{"start":{"line":776,"column":24},"end":{"line":781,"column":25}},"342":{"start":{"line":777,"column":28},"end":{"line":777,"column":64}},"343":{"start":{"line":778,"column":28},"end":{"line":778,"column":80}},"344":{"start":{"line":780,"column":28},"end":{"line":780,"column":53}},"345":{"start":{"line":790,"column":33},"end":{"line":794,"column":63}},"346":{"start":{"line":791,"column":20},"end":{"line":794,"column":62}},"347":{"start":{"line":796,"column":16},"end":{"line":945,"column":17}},"348":{"start":{"line":797,"column":20},"end":{"line":797,"column":78}},"349":{"start":{"line":799,"column":23},"end":{"line":945,"column":17}},"350":{"start":{"line":801,"column":20},"end":{"line":803,"column":23}},"351":{"start":{"line":804,"column":23},"end":{"line":945,"column":17}},"352":{"start":{"line":805,"column":20},"end":{"line":805,"column":114}},"353":{"start":{"line":807,"column":23},"end":{"line":945,"column":17}},"354":{"start":{"line":808,"column":20},"end":{"line":808,"column":88}},"355":{"start":{"line":809,"column":23},"end":{"line":945,"column":17}},"356":{"start":{"line":810,"column":20},"end":{"line":812,"column":60}},"357":{"start":{"line":814,"column":20},"end":{"line":814,"column":113}},"358":{"start":{"line":816,"column":23},"end":{"line":945,"column":17}},"359":{"start":{"line":817,"column":20},"end":{"line":819,"column":60}},"360":{"start":{"line":821,"column":20},"end":{"line":821,"column":116}},"361":{"start":{"line":823,"column":23},"end":{"line":945,"column":17}},"362":{"start":{"line":824,"column":32},"end":{"line":824,"column":87}},"363":{"start":{"line":826,"column":20},"end":{"line":826,"column":109}},"364":{"start":{"line":828,"column":23},"end":{"line":945,"column":17}},"365":{"start":{"line":829,"column":20},"end":{"line":831,"column":57}},"366":{"start":{"line":833,"column":20},"end":{"line":833,"column":103}},"367":{"start":{"line":835,"column":23},"end":{"line":945,"column":17}},"368":{"start":{"line":836,"column":20},"end":{"line":838,"column":70}},"369":{"start":{"line":840,"column":20},"end":{"line":840,"column":98}},"370":{"start":{"line":842,"column":23},"end":{"line":945,"column":17}},"371":{"start":{"line":843,"column":32},"end":{"line":843,"column":97}},"372":{"start":{"line":845,"column":20},"end":{"line":845,"column":106}},"373":{"start":{"line":847,"column":23},"end":{"line":945,"column":17}},"374":{"start":{"line":848,"column":32},"end":{"line":851,"column":55}},"375":{"start":{"line":853,"column":20},"end":{"line":855,"column":23}},"376":{"start":{"line":858,"column":47},"end":{"line":858,"column":49}},"377":{"start":{"line":859,"column":20},"end":{"line":861,"column":23}},"378":{"start":{"line":860,"column":24},"end":{"line":860,"column":93}},"379":{"start":{"line":863,"column":38},"end":{"line":863,"column":40}},"380":{"start":{"line":864,"column":41},"end":{"line":868,"column":21}},"381":{"start":{"line":865,"column":24},"end":{"line":867,"column":67}},"382":{"start":{"line":869,"column":20},"end":{"line":873,"column":23}},"383":{"start":{"line":870,"column":24},"end":{"line":872,"column":25}},"384":{"start":{"line":871,"column":28},"end":{"line":871,"column":83}},"385":{"start":{"line":875,"column":41},"end":{"line":875,"column":43}},"386":{"start":{"line":876,"column":20},"end":{"line":944,"column":21}},"387":{"start":{"line":877,"column":34},"end":{"line":877,"column":96}},"388":{"start":{"line":879,"column":24},"end":{"line":881,"column":27}},"389":{"start":{"line":883,"column":27},"end":{"line":944,"column":21}},"390":{"start":{"line":884,"column":24},"end":{"line":889,"column":25}},"391":{"start":{"line":885,"column":28},"end":{"line":885,"column":87}},"392":{"start":{"line":886,"column":28},"end":{"line":886,"column":41}},"393":{"start":{"line":888,"column":28},"end":{"line":888,"column":41}},"394":{"start":{"line":891,"column":24},"end":{"line":891,"column":114}},"395":{"start":{"line":892,"column":27},"end":{"line":944,"column":21}},"396":{"start":{"line":893,"column":24},"end":{"line":895,"column":90}},"397":{"start":{"line":897,"column":24},"end":{"line":897,"column":114}},"398":{"start":{"line":900,"column":50},"end":{"line":900,"column":52}},"399":{"start":{"line":901,"column":24},"end":{"line":908,"column":27}},"400":{"start":{"line":902,"column":28},"end":{"line":905,"column":68}},"401":{"start":{"line":907,"column":28},"end":{"line":907,"column":94}},"402":{"start":{"line":911,"column":24},"end":{"line":933,"column":27}},"403":{"start":{"line":913,"column":28},"end":{"line":932,"column":29}},"404":{"start":{"line":914,"column":32},"end":{"line":925,"column":35}},"405":{"start":{"line":927,"column":54},"end":{"line":927,"column":110}},"406":{"start":{"line":928,"column":32},"end":{"line":930,"column":58}},"407":{"start":{"line":931,"column":32},"end":{"line":931,"column":109}},"408":{"start":{"line":937,"column":24},"end":{"line":942,"column":25}},"409":{"start":{"line":938,"column":28},"end":{"line":938,"column":66}},"410":{"start":{"line":939,"column":28},"end":{"line":939,"column":80}},"411":{"start":{"line":941,"column":28},"end":{"line":941,"column":53}},"412":{"start":{"line":950,"column":8},"end":{"line":950,"column":16}},"413":{"start":{"line":955,"column":0},"end":{"line":955,"column":24}}},"fnMap":{"0":{"name":"getRestructuredData","decl":{"start":{"line":13,"column":9},"end":{"line":13,"column":28}},"loc":{"start":{"line":13,"column":31},"end":{"line":202,"column":1}},"line":13},"1":{"name":"removeRedundancy","decl":{"start":{"line":236,"column":9},"end":{"line":236,"column":25}},"loc":{"start":{"line":236,"column":60},"end":{"line":255,"column":1}},"line":236},"2":{"name":"(anonymous_2)","decl":{"start":{"line":238,"column":26},"end":{"line":238,"column":27}},"loc":{"start":{"line":238,"column":36},"end":{"line":238,"column":81}},"line":238},"3":{"name":"(anonymous_3)","decl":{"start":{"line":261,"column":16},"end":{"line":261,"column":17}},"loc":{"start":{"line":261,"column":48},"end":{"line":350,"column":1}},"line":261},"4":{"name":"(anonymous_4)","decl":{"start":{"line":271,"column":50},"end":{"line":271,"column":51}},"loc":{"start":{"line":271,"column":60},"end":{"line":271,"column":85}},"line":271},"5":{"name":"(anonymous_5)","decl":{"start":{"line":288,"column":63},"end":{"line":288,"column":64}},"loc":{"start":{"line":288,"column":73},"end":{"line":288,"column":106}},"line":288},"6":{"name":"(anonymous_6)","decl":{"start":{"line":308,"column":40},"end":{"line":308,"column":41}},"loc":{"start":{"line":308,"column":52},"end":{"line":333,"column":25}},"line":308},"7":{"name":"(anonymous_7)","decl":{"start":{"line":320,"column":75},"end":{"line":320,"column":76}},"loc":{"start":{"line":320,"column":89},"end":{"line":320,"column":121}},"line":320},"8":{"name":"(anonymous_8)","decl":{"start":{"line":325,"column":79},"end":{"line":325,"column":80}},"loc":{"start":{"line":325,"column":93},"end":{"line":325,"column":132}},"line":325},"9":{"name":"(anonymous_9)","decl":{"start":{"line":356,"column":17},"end":{"line":356,"column":18}},"loc":{"start":{"line":356,"column":49},"end":{"line":587,"column":1}},"line":356},"10":{"name":"(anonymous_10)","decl":{"start":{"line":380,"column":49},"end":{"line":380,"column":50}},"loc":{"start":{"line":380,"column":59},"end":{"line":380,"column":84}},"line":380},"11":{"name":"(anonymous_11)","decl":{"start":{"line":381,"column":53},"end":{"line":381,"column":54}},"loc":{"start":{"line":381,"column":69},"end":{"line":381,"column":118}},"line":381},"12":{"name":"(anonymous_12)","decl":{"start":{"line":413,"column":42},"end":{"line":413,"column":43}},"loc":{"start":{"line":413,"column":52},"end":{"line":413,"column":87}},"line":413},"13":{"name":"(anonymous_13)","decl":{"start":{"line":415,"column":58},"end":{"line":415,"column":59}},"loc":{"start":{"line":415,"column":66},"end":{"line":416,"column":64}},"line":415},"14":{"name":"(anonymous_14)","decl":{"start":{"line":426,"column":44},"end":{"line":426,"column":45}},"loc":{"start":{"line":426,"column":56},"end":{"line":426,"column":101}},"line":426},"15":{"name":"(anonymous_15)","decl":{"start":{"line":427,"column":37},"end":{"line":427,"column":38}},"loc":{"start":{"line":427,"column":49},"end":{"line":436,"column":29}},"line":427},"16":{"name":"(anonymous_16)","decl":{"start":{"line":438,"column":64},"end":{"line":438,"column":65}},"loc":{"start":{"line":439,"column":28},"end":{"line":442,"column":69}},"line":439},"17":{"name":"(anonymous_17)","decl":{"start":{"line":449,"column":37},"end":{"line":449,"column":38}},"loc":{"start":{"line":449,"column":47},"end":{"line":451,"column":72}},"line":449},"18":{"name":"(anonymous_18)","decl":{"start":{"line":452,"column":40},"end":{"line":452,"column":41}},"loc":{"start":{"line":452,"column":55},"end":{"line":452,"column":74}},"line":452},"19":{"name":"(anonymous_19)","decl":{"start":{"line":455,"column":40},"end":{"line":455,"column":41}},"loc":{"start":{"line":456,"column":36},"end":{"line":458,"column":94}},"line":456},"20":{"name":"(anonymous_20)","decl":{"start":{"line":461,"column":59},"end":{"line":461,"column":60}},"loc":{"start":{"line":461,"column":69},"end":{"line":461,"column":106}},"line":461},"21":{"name":"(anonymous_21)","decl":{"start":{"line":501,"column":42},"end":{"line":501,"column":43}},"loc":{"start":{"line":501,"column":52},"end":{"line":501,"column":85}},"line":501},"22":{"name":"(anonymous_22)","decl":{"start":{"line":503,"column":58},"end":{"line":503,"column":59}},"loc":{"start":{"line":503,"column":66},"end":{"line":504,"column":62}},"line":503},"23":{"name":"(anonymous_23)","decl":{"start":{"line":515,"column":46},"end":{"line":515,"column":47}},"loc":{"start":{"line":515,"column":60},"end":{"line":515,"column":107}},"line":515},"24":{"name":"(anonymous_24)","decl":{"start":{"line":516,"column":37},"end":{"line":516,"column":38}},"loc":{"start":{"line":516,"column":51},"end":{"line":525,"column":29}},"line":516},"25":{"name":"(anonymous_25)","decl":{"start":{"line":527,"column":69},"end":{"line":527,"column":70}},"loc":{"start":{"line":528,"column":28},"end":{"line":532,"column":70}},"line":528},"26":{"name":"(anonymous_26)","decl":{"start":{"line":539,"column":37},"end":{"line":539,"column":38}},"loc":{"start":{"line":539,"column":49},"end":{"line":541,"column":78}},"line":539},"27":{"name":"(anonymous_27)","decl":{"start":{"line":542,"column":40},"end":{"line":542,"column":41}},"loc":{"start":{"line":542,"column":55},"end":{"line":542,"column":74}},"line":542},"28":{"name":"(anonymous_28)","decl":{"start":{"line":545,"column":40},"end":{"line":545,"column":41}},"loc":{"start":{"line":546,"column":36},"end":{"line":548,"column":102}},"line":546},"29":{"name":"(anonymous_29)","decl":{"start":{"line":565,"column":82},"end":{"line":565,"column":83}},"loc":{"start":{"line":566,"column":32},"end":{"line":568,"column":84}},"line":566},"30":{"name":"(anonymous_30)","decl":{"start":{"line":571,"column":75},"end":{"line":571,"column":76}},"loc":{"start":{"line":572,"column":32},"end":{"line":572,"column":71}},"line":572},"31":{"name":"(anonymous_31)","decl":{"start":{"line":593,"column":18},"end":{"line":593,"column":19}},"loc":{"start":{"line":593,"column":50},"end":{"line":953,"column":1}},"line":593},"32":{"name":"(anonymous_32)","decl":{"start":{"line":628,"column":49},"end":{"line":628,"column":50}},"loc":{"start":{"line":628,"column":59},"end":{"line":628,"column":84}},"line":628},"33":{"name":"(anonymous_33)","decl":{"start":{"line":629,"column":53},"end":{"line":629,"column":54}},"loc":{"start":{"line":629,"column":69},"end":{"line":629,"column":118}},"line":629},"34":{"name":"(anonymous_34)","decl":{"start":{"line":632,"column":24},"end":{"line":632,"column":25}},"loc":{"start":{"line":632,"column":38},"end":{"line":632,"column":85}},"line":632},"35":{"name":"(anonymous_35)","decl":{"start":{"line":638,"column":49},"end":{"line":638,"column":50}},"loc":{"start":{"line":639,"column":20},"end":{"line":641,"column":64}},"line":639},"36":{"name":"(anonymous_36)","decl":{"start":{"line":672,"column":48},"end":{"line":672,"column":49}},"loc":{"start":{"line":673,"column":20},"end":{"line":673,"column":119}},"line":673},"37":{"name":"(anonymous_37)","decl":{"start":{"line":678,"column":20},"end":{"line":678,"column":21}},"loc":{"start":{"line":678,"column":31},"end":{"line":679,"column":63}},"line":678},"38":{"name":"(anonymous_38)","decl":{"start":{"line":684,"column":20},"end":{"line":684,"column":21}},"loc":{"start":{"line":684,"column":31},"end":{"line":684,"column":84}},"line":684},"39":{"name":"(anonymous_39)","decl":{"start":{"line":687,"column":48},"end":{"line":687,"column":49}},"loc":{"start":{"line":687,"column":59},"end":{"line":689,"column":56}},"line":687},"40":{"name":"(anonymous_40)","decl":{"start":{"line":694,"column":20},"end":{"line":694,"column":21}},"loc":{"start":{"line":694,"column":31},"end":{"line":696,"column":72}},"line":694},"41":{"name":"(anonymous_41)","decl":{"start":{"line":701,"column":20},"end":{"line":701,"column":21}},"loc":{"start":{"line":701,"column":31},"end":{"line":701,"column":78}},"line":701},"42":{"name":"(anonymous_42)","decl":{"start":{"line":707,"column":20},"end":{"line":707,"column":21}},"loc":{"start":{"line":707,"column":31},"end":{"line":708,"column":92}},"line":707},"43":{"name":"(anonymous_43)","decl":{"start":{"line":716,"column":44},"end":{"line":716,"column":45}},"loc":{"start":{"line":716,"column":58},"end":{"line":718,"column":21}},"line":716},"44":{"name":"(anonymous_44)","decl":{"start":{"line":725,"column":24},"end":{"line":725,"column":25}},"loc":{"start":{"line":725,"column":35},"end":{"line":725,"column":104}},"line":725},"45":{"name":"(anonymous_45)","decl":{"start":{"line":729,"column":52},"end":{"line":729,"column":53}},"loc":{"start":{"line":729,"column":63},"end":{"line":736,"column":21}},"line":729},"46":{"name":"(anonymous_46)","decl":{"start":{"line":748,"column":43},"end":{"line":748,"column":44}},"loc":{"start":{"line":748,"column":54},"end":{"line":750,"column":71}},"line":748},"47":{"name":"(anonymous_47)","decl":{"start":{"line":751,"column":34},"end":{"line":751,"column":35}},"loc":{"start":{"line":751,"column":45},"end":{"line":753,"column":25}},"line":751},"48":{"name":"(anonymous_48)","decl":{"start":{"line":755,"column":48},"end":{"line":755,"column":49}},"loc":{"start":{"line":755,"column":59},"end":{"line":772,"column":25}},"line":755},"49":{"name":"(anonymous_49)","decl":{"start":{"line":790,"column":53},"end":{"line":790,"column":54}},"loc":{"start":{"line":791,"column":20},"end":{"line":794,"column":62}},"line":791},"50":{"name":"(anonymous_50)","decl":{"start":{"line":809,"column":57},"end":{"line":809,"column":58}},"loc":{"start":{"line":810,"column":20},"end":{"line":812,"column":60}},"line":810},"51":{"name":"(anonymous_51)","decl":{"start":{"line":816,"column":57},"end":{"line":816,"column":58}},"loc":{"start":{"line":817,"column":20},"end":{"line":819,"column":60}},"line":817},"52":{"name":"(anonymous_52)","decl":{"start":{"line":824,"column":20},"end":{"line":824,"column":21}},"loc":{"start":{"line":824,"column":32},"end":{"line":824,"column":87}},"line":824},"53":{"name":"(anonymous_53)","decl":{"start":{"line":828,"column":57},"end":{"line":828,"column":58}},"loc":{"start":{"line":829,"column":20},"end":{"line":831,"column":57}},"line":829},"54":{"name":"(anonymous_54)","decl":{"start":{"line":835,"column":57},"end":{"line":835,"column":58}},"loc":{"start":{"line":836,"column":20},"end":{"line":838,"column":70}},"line":836},"55":{"name":"(anonymous_55)","decl":{"start":{"line":843,"column":20},"end":{"line":843,"column":21}},"loc":{"start":{"line":843,"column":32},"end":{"line":843,"column":97}},"line":843},"56":{"name":"(anonymous_56)","decl":{"start":{"line":848,"column":20},"end":{"line":848,"column":21}},"loc":{"start":{"line":848,"column":32},"end":{"line":851,"column":55}},"line":848},"57":{"name":"(anonymous_57)","decl":{"start":{"line":859,"column":44},"end":{"line":859,"column":45}},"loc":{"start":{"line":859,"column":58},"end":{"line":861,"column":21}},"line":859},"58":{"name":"(anonymous_58)","decl":{"start":{"line":864,"column":60},"end":{"line":864,"column":61}},"loc":{"start":{"line":865,"column":24},"end":{"line":867,"column":67}},"line":865},"59":{"name":"(anonymous_59)","decl":{"start":{"line":869,"column":41},"end":{"line":869,"column":42}},"loc":{"start":{"line":869,"column":50},"end":{"line":873,"column":21}},"line":869},"60":{"name":"(anonymous_60)","decl":{"start":{"line":877,"column":24},"end":{"line":877,"column":25}},"loc":{"start":{"line":877,"column":34},"end":{"line":877,"column":96}},"line":877},"61":{"name":"(anonymous_61)","decl":{"start":{"line":883,"column":61},"end":{"line":883,"column":62}},"loc":{"start":{"line":883,"column":71},"end":{"line":890,"column":21}},"line":883},"62":{"name":"(anonymous_62)","decl":{"start":{"line":892,"column":68},"end":{"line":892,"column":69}},"loc":{"start":{"line":893,"column":24},"end":{"line":895,"column":90}},"line":893},"63":{"name":"(anonymous_63)","decl":{"start":{"line":901,"column":52},"end":{"line":901,"column":53}},"loc":{"start":{"line":902,"column":28},"end":{"line":905,"column":68}},"line":902},"64":{"name":"(anonymous_64)","decl":{"start":{"line":906,"column":34},"end":{"line":906,"column":35}},"loc":{"start":{"line":906,"column":46},"end":{"line":908,"column":25}},"line":906},"65":{"name":"(anonymous_65)","decl":{"start":{"line":911,"column":57},"end":{"line":911,"column":58}},"loc":{"start":{"line":911,"column":69},"end":{"line":933,"column":25}},"line":911}},"branchMap":{"0":{"loc":{"start":{"line":48,"column":8},"end":{"line":50,"column":9}},"type":"if","locations":[{"start":{"line":48,"column":8},"end":{"line":50,"column":9}},{"start":{"line":48,"column":8},"end":{"line":50,"column":9}}],"line":48},"1":{"loc":{"start":{"line":53,"column":8},"end":{"line":55,"column":9}},"type":"if","locations":[{"start":{"line":53,"column":8},"end":{"line":55,"column":9}},{"start":{"line":53,"column":8},"end":{"line":55,"column":9}}],"line":53},"2":{"loc":{"start":{"line":63,"column":8},"end":{"line":67,"column":9}},"type":"if","locations":[{"start":{"line":63,"column":8},"end":{"line":67,"column":9}},{"start":{"line":63,"column":8},"end":{"line":67,"column":9}}],"line":63},"3":{"loc":{"start":{"line":78,"column":8},"end":{"line":80,"column":9}},"type":"if","locations":[{"start":{"line":78,"column":8},"end":{"line":80,"column":9}},{"start":{"line":78,"column":8},"end":{"line":80,"column":9}}],"line":78},"4":{"loc":{"start":{"line":83,"column":8},"end":{"line":85,"column":9}},"type":"if","locations":[{"start":{"line":83,"column":8},"end":{"line":85,"column":9}},{"start":{"line":83,"column":8},"end":{"line":85,"column":9}}],"line":83},"5":{"loc":{"start":{"line":88,"column":8},"end":{"line":90,"column":9}},"type":"if","locations":[{"start":{"line":88,"column":8},"end":{"line":90,"column":9}},{"start":{"line":88,"column":8},"end":{"line":90,"column":9}}],"line":88},"6":{"loc":{"start":{"line":92,"column":8},"end":{"line":95,"column":9}},"type":"if","locations":[{"start":{"line":92,"column":8},"end":{"line":95,"column":9}},{"start":{"line":92,"column":8},"end":{"line":95,"column":9}}],"line":92},"7":{"loc":{"start":{"line":92,"column":12},"end":{"line":92,"column":89}},"type":"binary-expr","locations":[{"start":{"line":92,"column":12},"end":{"line":92,"column":55}},{"start":{"line":92,"column":59},"end":{"line":92,"column":89}}],"line":92},"8":{"loc":{"start":{"line":107,"column":8},"end":{"line":111,"column":9}},"type":"if","locations":[{"start":{"line":107,"column":8},"end":{"line":111,"column":9}},{"start":{"line":107,"column":8},"end":{"line":111,"column":9}}],"line":107},"9":{"loc":{"start":{"line":119,"column":8},"end":{"line":122,"column":9}},"type":"if","locations":[{"start":{"line":119,"column":8},"end":{"line":122,"column":9}},{"start":{"line":119,"column":8},"end":{"line":122,"column":9}}],"line":119},"10":{"loc":{"start":{"line":133,"column":8},"end":{"line":135,"column":9}},"type":"if","locations":[{"start":{"line":133,"column":8},"end":{"line":135,"column":9}},{"start":{"line":133,"column":8},"end":{"line":135,"column":9}}],"line":133},"11":{"loc":{"start":{"line":141,"column":8},"end":{"line":143,"column":9}},"type":"if","locations":[{"start":{"line":141,"column":8},"end":{"line":143,"column":9}},{"start":{"line":141,"column":8},"end":{"line":143,"column":9}}],"line":141},"12":{"loc":{"start":{"line":145,"column":8},"end":{"line":148,"column":9}},"type":"if","locations":[{"start":{"line":145,"column":8},"end":{"line":148,"column":9}},{"start":{"line":145,"column":8},"end":{"line":148,"column":9}}],"line":145},"13":{"loc":{"start":{"line":145,"column":12},"end":{"line":145,"column":93}},"type":"binary-expr","locations":[{"start":{"line":145,"column":12},"end":{"line":145,"column":57}},{"start":{"line":145,"column":61},"end":{"line":145,"column":93}}],"line":145},"14":{"loc":{"start":{"line":158,"column":8},"end":{"line":162,"column":9}},"type":"if","locations":[{"start":{"line":158,"column":8},"end":{"line":162,"column":9}},{"start":{"line":158,"column":8},"end":{"line":162,"column":9}}],"line":158},"15":{"loc":{"start":{"line":171,"column":8},"end":{"line":173,"column":9}},"type":"if","locations":[{"start":{"line":171,"column":8},"end":{"line":173,"column":9}},{"start":{"line":171,"column":8},"end":{"line":173,"column":9}}],"line":171},"16":{"loc":{"start":{"line":171,"column":12},"end":{"line":171,"column":79}},"type":"binary-expr","locations":[{"start":{"line":171,"column":12},"end":{"line":171,"column":30}},{"start":{"line":171,"column":34},"end":{"line":171,"column":79}}],"line":171},"17":{"loc":{"start":{"line":177,"column":8},"end":{"line":180,"column":9}},"type":"if","locations":[{"start":{"line":177,"column":8},"end":{"line":180,"column":9}},{"start":{"line":177,"column":8},"end":{"line":180,"column":9}}],"line":177},"18":{"loc":{"start":{"line":236,"column":34},"end":{"line":236,"column":58}},"type":"default-arg","locations":[{"start":{"line":236,"column":49},"end":{"line":236,"column":58}}],"line":236},"19":{"loc":{"start":{"line":237,"column":4},"end":{"line":254,"column":5}},"type":"if","locations":[{"start":{"line":237,"column":4},"end":{"line":254,"column":5}},{"start":{"line":237,"column":4},"end":{"line":254,"column":5}}],"line":237},"20":{"loc":{"start":{"line":242,"column":12},"end":{"line":251,"column":13}},"type":"if","locations":[{"start":{"line":242,"column":12},"end":{"line":251,"column":13}},{"start":{"line":242,"column":12},"end":{"line":251,"column":13}}],"line":242},"21":{"loc":{"start":{"line":244,"column":16},"end":{"line":250,"column":17}},"type":"if","locations":[{"start":{"line":244,"column":16},"end":{"line":250,"column":17}},{"start":{"line":244,"column":16},"end":{"line":250,"column":17}}],"line":244},"22":{"loc":{"start":{"line":246,"column":23},"end":{"line":250,"column":17}},"type":"if","locations":[{"start":{"line":246,"column":23},"end":{"line":250,"column":17}},{"start":{"line":246,"column":23},"end":{"line":250,"column":17}}],"line":246},"23":{"loc":{"start":{"line":267,"column":8},"end":{"line":344,"column":9}},"type":"if","locations":[{"start":{"line":267,"column":8},"end":{"line":344,"column":9}},{"start":{"line":267,"column":8},"end":{"line":344,"column":9}}],"line":267},"24":{"loc":{"start":{"line":273,"column":12},"end":{"line":342,"column":13}},"type":"if","locations":[{"start":{"line":273,"column":12},"end":{"line":342,"column":13}},{"start":{"line":273,"column":12},"end":{"line":342,"column":13}}],"line":273},"25":{"loc":{"start":{"line":275,"column":19},"end":{"line":342,"column":13}},"type":"if","locations":[{"start":{"line":275,"column":19},"end":{"line":342,"column":13}},{"start":{"line":275,"column":19},"end":{"line":342,"column":13}}],"line":275},"26":{"loc":{"start":{"line":277,"column":16},"end":{"line":281,"column":17}},"type":"if","locations":[{"start":{"line":277,"column":16},"end":{"line":281,"column":17}},{"start":{"line":277,"column":16},"end":{"line":281,"column":17}}],"line":277},"27":{"loc":{"start":{"line":284,"column":16},"end":{"line":341,"column":17}},"type":"if","locations":[{"start":{"line":284,"column":16},"end":{"line":341,"column":17}},{"start":{"line":284,"column":16},"end":{"line":341,"column":17}}],"line":284},"28":{"loc":{"start":{"line":284,"column":20},"end":{"line":284,"column":88}},"type":"binary-expr","locations":[{"start":{"line":284,"column":20},"end":{"line":284,"column":62}},{"start":{"line":284,"column":66},"end":{"line":284,"column":88}}],"line":284},"29":{"loc":{"start":{"line":290,"column":20},"end":{"line":339,"column":21}},"type":"if","locations":[{"start":{"line":290,"column":20},"end":{"line":339,"column":21}},{"start":{"line":290,"column":20},"end":{"line":339,"column":21}}],"line":290},"30":{"loc":{"start":{"line":313,"column":28},"end":{"line":332,"column":29}},"type":"if","locations":[{"start":{"line":313,"column":28},"end":{"line":332,"column":29}},{"start":{"line":313,"column":28},"end":{"line":332,"column":29}}],"line":313},"31":{"loc":{"start":{"line":313,"column":32},"end":{"line":314,"column":74}},"type":"binary-expr","locations":[{"start":{"line":313,"column":32},"end":{"line":313,"column":69}},{"start":{"line":314,"column":35},"end":{"line":314,"column":74}}],"line":313},"32":{"loc":{"start":{"line":319,"column":35},"end":{"line":332,"column":29}},"type":"if","locations":[{"start":{"line":319,"column":35},"end":{"line":332,"column":29}},{"start":{"line":319,"column":35},"end":{"line":332,"column":29}}],"line":319},"33":{"loc":{"start":{"line":327,"column":32},"end":{"line":331,"column":33}},"type":"if","locations":[{"start":{"line":327,"column":32},"end":{"line":331,"column":33}},{"start":{"line":327,"column":32},"end":{"line":331,"column":33}}],"line":327},"34":{"loc":{"start":{"line":362,"column":8},"end":{"line":582,"column":9}},"type":"if","locations":[{"start":{"line":362,"column":8},"end":{"line":582,"column":9}},{"start":{"line":362,"column":8},"end":{"line":582,"column":9}}],"line":362},"35":{"loc":{"start":{"line":364,"column":15},"end":{"line":582,"column":9}},"type":"if","locations":[{"start":{"line":364,"column":15},"end":{"line":582,"column":9}},{"start":{"line":364,"column":15},"end":{"line":582,"column":9}}],"line":364},"36":{"loc":{"start":{"line":366,"column":15},"end":{"line":582,"column":9}},"type":"if","locations":[{"start":{"line":366,"column":15},"end":{"line":582,"column":9}},{"start":{"line":366,"column":15},"end":{"line":582,"column":9}}],"line":366},"37":{"loc":{"start":{"line":369,"column":15},"end":{"line":582,"column":9}},"type":"if","locations":[{"start":{"line":369,"column":15},"end":{"line":582,"column":9}},{"start":{"line":369,"column":15},"end":{"line":582,"column":9}}],"line":369},"38":{"loc":{"start":{"line":369,"column":19},"end":{"line":369,"column":87}},"type":"binary-expr","locations":[{"start":{"line":369,"column":19},"end":{"line":369,"column":52}},{"start":{"line":369,"column":56},"end":{"line":369,"column":87}}],"line":369},"39":{"loc":{"start":{"line":371,"column":15},"end":{"line":582,"column":9}},"type":"if","locations":[{"start":{"line":371,"column":15},"end":{"line":582,"column":9}},{"start":{"line":371,"column":15},"end":{"line":582,"column":9}}],"line":371},"40":{"loc":{"start":{"line":371,"column":19},"end":{"line":371,"column":95}},"type":"binary-expr","locations":[{"start":{"line":371,"column":19},"end":{"line":371,"column":52}},{"start":{"line":371,"column":56},"end":{"line":371,"column":95}}],"line":371},"41":{"loc":{"start":{"line":373,"column":15},"end":{"line":582,"column":9}},"type":"if","locations":[{"start":{"line":373,"column":15},"end":{"line":582,"column":9}},{"start":{"line":373,"column":15},"end":{"line":582,"column":9}}],"line":373},"42":{"loc":{"start":{"line":373,"column":19},"end":{"line":373,"column":91}},"type":"binary-expr","locations":[{"start":{"line":373,"column":19},"end":{"line":373,"column":50}},{"start":{"line":373,"column":54},"end":{"line":373,"column":91}}],"line":373},"43":{"loc":{"start":{"line":376,"column":15},"end":{"line":582,"column":9}},"type":"if","locations":[{"start":{"line":376,"column":15},"end":{"line":582,"column":9}},{"start":{"line":376,"column":15},"end":{"line":582,"column":9}}],"line":376},"44":{"loc":{"start":{"line":376,"column":19},"end":{"line":376,"column":87}},"type":"binary-expr","locations":[{"start":{"line":376,"column":19},"end":{"line":376,"column":50}},{"start":{"line":376,"column":54},"end":{"line":376,"column":87}}],"line":376},"45":{"loc":{"start":{"line":384,"column":12},"end":{"line":581,"column":13}},"type":"if","locations":[{"start":{"line":384,"column":12},"end":{"line":581,"column":13}},{"start":{"line":384,"column":12},"end":{"line":581,"column":13}}],"line":384},"46":{"loc":{"start":{"line":386,"column":19},"end":{"line":581,"column":13}},"type":"if","locations":[{"start":{"line":386,"column":19},"end":{"line":581,"column":13}},{"start":{"line":386,"column":19},"end":{"line":581,"column":13}}],"line":386},"47":{"loc":{"start":{"line":388,"column":19},"end":{"line":581,"column":13}},"type":"if","locations":[{"start":{"line":388,"column":19},"end":{"line":581,"column":13}},{"start":{"line":388,"column":19},"end":{"line":581,"column":13}}],"line":388},"48":{"loc":{"start":{"line":388,"column":23},"end":{"line":390,"column":40}},"type":"binary-expr","locations":[{"start":{"line":388,"column":23},"end":{"line":388,"column":56}},{"start":{"line":389,"column":19},"end":{"line":389,"column":62}},{"start":{"line":390,"column":19},"end":{"line":390,"column":40}}],"line":388},"49":{"loc":{"start":{"line":392,"column":19},"end":{"line":581,"column":13}},"type":"if","locations":[{"start":{"line":392,"column":19},"end":{"line":581,"column":13}},{"start":{"line":392,"column":19},"end":{"line":581,"column":13}}],"line":392},"50":{"loc":{"start":{"line":392,"column":23},"end":{"line":394,"column":40}},"type":"binary-expr","locations":[{"start":{"line":392,"column":23},"end":{"line":392,"column":54}},{"start":{"line":393,"column":19},"end":{"line":393,"column":60}},{"start":{"line":394,"column":19},"end":{"line":394,"column":40}}],"line":392},"51":{"loc":{"start":{"line":397,"column":19},"end":{"line":581,"column":13}},"type":"if","locations":[{"start":{"line":397,"column":19},"end":{"line":581,"column":13}},{"start":{"line":397,"column":19},"end":{"line":581,"column":13}}],"line":397},"52":{"loc":{"start":{"line":397,"column":23},"end":{"line":399,"column":98}},"type":"binary-expr","locations":[{"start":{"line":397,"column":23},"end":{"line":397,"column":56}},{"start":{"line":398,"column":19},"end":{"line":398,"column":40}},{"start":{"line":399,"column":20},"end":{"line":399,"column":56}},{"start":{"line":399,"column":60},"end":{"line":399,"column":97}}],"line":397},"53":{"loc":{"start":{"line":402,"column":19},"end":{"line":581,"column":13}},"type":"if","locations":[{"start":{"line":402,"column":19},"end":{"line":581,"column":13}},{"start":{"line":402,"column":19},"end":{"line":581,"column":13}}],"line":402},"54":{"loc":{"start":{"line":402,"column":23},"end":{"line":404,"column":102}},"type":"binary-expr","locations":[{"start":{"line":402,"column":23},"end":{"line":402,"column":54}},{"start":{"line":403,"column":19},"end":{"line":403,"column":40}},{"start":{"line":404,"column":20},"end":{"line":404,"column":58}},{"start":{"line":404,"column":62},"end":{"line":404,"column":101}}],"line":402},"55":{"loc":{"start":{"line":409,"column":16},"end":{"line":580,"column":17}},"type":"if","locations":[{"start":{"line":409,"column":16},"end":{"line":580,"column":17}},{"start":{"line":409,"column":16},"end":{"line":580,"column":17}}],"line":409},"56":{"loc":{"start":{"line":411,"column":42},"end":{"line":413,"column":88}},"type":"cond-expr","locations":[{"start":{"line":412,"column":26},"end":{"line":412,"column":38}},{"start":{"line":413,"column":26},"end":{"line":413,"column":88}}],"line":411},"57":{"loc":{"start":{"line":415,"column":66},"end":{"line":416,"column":64}},"type":"binary-expr","locations":[{"start":{"line":415,"column":66},"end":{"line":415,"column":109}},{"start":{"line":416,"column":27},"end":{"line":416,"column":64}}],"line":415},"58":{"loc":{"start":{"line":418,"column":20},"end":{"line":495,"column":21}},"type":"if","locations":[{"start":{"line":418,"column":20},"end":{"line":495,"column":21}},{"start":{"line":418,"column":20},"end":{"line":495,"column":21}}],"line":418},"59":{"loc":{"start":{"line":420,"column":27},"end":{"line":495,"column":21}},"type":"if","locations":[{"start":{"line":420,"column":27},"end":{"line":495,"column":21}},{"start":{"line":420,"column":27},"end":{"line":495,"column":21}}],"line":420},"60":{"loc":{"start":{"line":428,"column":32},"end":{"line":430,"column":33}},"type":"if","locations":[{"start":{"line":428,"column":32},"end":{"line":430,"column":33}},{"start":{"line":428,"column":32},"end":{"line":430,"column":33}}],"line":428},"61":{"loc":{"start":{"line":431,"column":32},"end":{"line":435,"column":33}},"type":"if","locations":[{"start":{"line":431,"column":32},"end":{"line":435,"column":33}},{"start":{"line":431,"column":32},"end":{"line":435,"column":33}}],"line":431},"62":{"loc":{"start":{"line":439,"column":28},"end":{"line":442,"column":69}},"type":"binary-expr","locations":[{"start":{"line":439,"column":28},"end":{"line":439,"column":77}},{"start":{"line":440,"column":31},"end":{"line":440,"column":59}},{"start":{"line":441,"column":31},"end":{"line":441,"column":74}},{"start":{"line":442,"column":31},"end":{"line":442,"column":69}}],"line":439},"63":{"loc":{"start":{"line":444,"column":24},"end":{"line":493,"colum
[...]
":{"line":106,"column":21}},{"start":{"line":102,"column":20},"end":{"line":106,"column":21}}],"line":102},"9":{"loc":{"start":{"line":109,"column":19},"end":{"line":127,"column":13}},"type":"if","locations":[{"start":{"line":109,"column":19},"end":{"line":127,"column":13}},{"start":{"line":109,"column":19},"end":{"line":127,"column":13}}],"line":109},"10":{"loc":{"start":{"line":111,"column":16},"end":{"line":123,"column":17}},"type":"if","locations":[{"start":{"line":111,"column":16},"end":{"line":123,"column":17}},{"start":{"line":111,"column":16},"end":{"line":123,"column":17}}],"line":111},"11":{"loc":{"start":{"line":113,"column":23},"end":{"line":123,"column":17}},"type":"if","locations":[{"start":{"line":113,"column":23},"end":{"line":123,"column":17}},{"start":{"line":113,"column":23},"end":{"line":123,"column":17}}],"line":113},"12":{"loc":{"start":{"line":118,"column":20},"end":{"line":122,"column":21}},"type":"if","locations":[{"start":{"line":118,"column":20},"end":{"line":122,"column":21}},{"start":{"line":118,"column":20},"end":{"line":122,"column":21}}],"line":118}},"s":{"0":1,"1":1,"2":1,"3":1,"4":1,"5":1,"6":1,"7":1,"8":0,"9":0,"10":0,"11":0,"12":0,"13":0,"14":0,"15":0,"16":0,"17":0,"18":0,"19":0,"20":0,"21":1,"22":12,"23":12,"24":12,"25":1,"26":11,"27":19,"28":11,"29":1,"30":10,"31":1,"32":9,"33":4,"34":1,"35":3,"36":1,"37":2,"38":6,"39":2,"40":1,"41":1,"42":5,"43":4,"44":1,"45":3,"46":1,"47":2,"48":6,"49":2,"50":1,"51":1,"52":1,"53":0,"54":1},"f":{"0":0,"1":0,"2":0,"3":12,"4":19,"5":6,"6":6},"b":{"0":[0,0],"1":[1,11],"2":[1,10],"3":[1,9],"4":[10,5],"5":[4,5],"6":[1,3],"7":[1,2],"8":[1,1],"9":[4,1],"10":[1,3],"11":[1,2],"12":[1,1]},"_coverageSchema":"43e27e138ebf9cfc5966b082cf9a028302ed4184","hash":"00e51c756682e24d728d305aed62b6309fb24818","contentHash":"07151901e0a11706e09b51014dd6689c5d3e2e73b5d406612b15240c3f4b4bf1"},"C:\\Users\\Kacper\\Desktop\\Work\\Prog\\Summative Project\\routes\\work.js":{"path":"C:\\Users\\Kacper\\Desktop\\Work\\Prog\\Summative Project\\routes\\work.js","statementMap":{"0":{"start":{"line":1,"column":16},"end":{"line":1,"column":34}},"1":{"start":{"line":2,"column":15},"end":{"line":2,"column":31}},"2":{"start":{"line":3,"column":13},"end":{"line":3,"column":28}},"3":{"start":{"line":4,"column":11},"end":{"line":4,"column":24}},"4":{"start":{"line":6,"column":23},"end":{"line":6,"column":51}},"5":{"start":{"line":7,"column":13},"end":{"line":7,"column":35}},"6":{"start":{"line":13,"column":0},"end":{"line":77,"column":3}},"7":{"start":{"line":15,"column":4},"end":{"line":76,"column":5}},"8":{"start":{"line":17,"column":21},"end":{"line":17,"column":67}},"9":{"start":{"line":18,"column":8},"end":{"line":72,"column":9}},"10":{"start":{"line":19,"column":12},"end":{"line":19,"column":82}},"11":{"start":{"line":20,"column":15},"end":{"line":72,"column":9}},"12":{"start":{"line":21,"column":12},"end":{"line":21,"column":68}},"13":{"start":{"line":22,"column":15},"end":{"line":72,"column":9}},"14":{"start":{"line":23,"column":12},"end":{"line":23,"column":85}},"15":{"start":{"line":24,"column":15},"end":{"line":72,"column":9}},"16":{"start":{"line":25,"column":12},"end":{"line":25,"column":68}},"17":{"start":{"line":26,"column":15},"end":{"line":72,"column":9}},"18":{"start":{"line":27,"column":12},"end":{"line":27,"column":79}},"19":{"start":{"line":28,"column":15},"end":{"line":72,"column":9}},"20":{"start":{"line":29,"column":12},"end":{"line":29,"column":68}},"21":{"start":{"line":30,"column":15},"end":{"line":72,"column":9}},"22":{"start":{"line":31,"column":12},"end":{"line":31,"column":79}},"23":{"start":{"line":34,"column":34},"end":{"line":34,"column":86}},"24":{"start":{"line":34,"column":60},"end":{"line":34,"column":85}},"25":{"start":{"line":35,"column":34},"end":{"line":36,"column":63}},"26":{"start":{"line":35,"column":59},"end":{"line":36,"column":62}},"27":{"start":{"line":38,"column":12},"end":{"line":71,"column":13}},"28":{"start":{"line":39,"column":16},"end":{"line":39,"column":100}},"29":{"start":{"line":40,"column":19},"end":{"line":71,"column":13}},"30":{"start":{"line":41,"column":16},"end":{"line":41,"column":74}},"31":{"start":{"line":42,"column":19},"end":{"line":71,"column":13}},"32":{"start":{"line":43,"column":16},"end":{"line":43,"column":122}},"33":{"start":{"line":46,"column":34},"end":{"line":47,"column":75}},"34":{"start":{"line":47,"column":20},"end":{"line":47,"column":74}},"35":{"start":{"line":48,"column":36},"end":{"line":48,"column":56}},"36":{"start":{"line":50,"column":16},"end":{"line":70,"column":17}},"37":{"start":{"line":51,"column":20},"end":{"line":51,"column":97}},"38":{"start":{"line":52,"column":23},"end":{"line":70,"column":17}},"39":{"start":{"line":53,"column":20},"end":{"line":53,"column":88}},"40":{"start":{"line":56,"column":36},"end":{"line":56,"column":92}},"41":{"start":{"line":57,"column":20},"end":{"line":59,"column":21}},"42":{"start":{"line":58,"column":24},"end":{"line":58,"column":46}},"43":{"start":{"line":60,"column":20},"end":{"line":68,"column":23}},"44":{"start":{"line":61,"column":24},"end":{"line":67,"column":25}},"45":{"start":{"line":62,"column":28},"end":{"line":62,"column":92}},"46":{"start":{"line":63,"column":28},"end":{"line":63,"column":49}},"47":{"start":{"line":65,"column":28},"end":{"line":65,"column":71}},"48":{"start":{"line":66,"column":28},"end":{"line":66,"column":64}},"49":{"start":{"line":75,"column":8},"end":{"line":75,"column":15}},"50":{"start":{"line":83,"column":0},"end":{"line":140,"column":3}},"51":{"start":{"line":85,"column":4},"end":{"line":139,"column":5}},"52":{"start":{"line":87,"column":21},"end":{"line":87,"column":67}},"53":{"start":{"line":89,"column":8},"end":{"line":136,"column":9}},"54":{"start":{"line":90,"column":12},"end":{"line":90,"column":82}},"55":{"start":{"line":91,"column":15},"end":{"line":136,"column":9}},"56":{"start":{"line":92,"column":12},"end":{"line":92,"column":74}},"57":{"start":{"line":93,"column":15},"end":{"line":136,"column":9}},"58":{"start":{"line":94,"column":12},"end":{"line":94,"column":83}},"59":{"start":{"line":95,"column":15},"end":{"line":136,"column":9}},"60":{"start":{"line":96,"column":12},"end":{"line":96,"column":70}},"61":{"start":{"line":97,"column":15},"end":{"line":136,"column":9}},"62":{"start":{"line":98,"column":12},"end":{"line":98,"column":79}},"63":{"start":{"line":100,"column":34},"end":{"line":100,"column":86}},"64":{"start":{"line":100,"column":60},"end":{"line":100,"column":85}},"65":{"start":{"line":101,"column":33},"end":{"line":102,"column":54}},"66":{"start":{"line":101,"column":58},"end":{"line":102,"column":53}},"67":{"start":{"line":104,"column":12},"end":{"line":135,"column":13}},"68":{"start":{"line":105,"column":16},"end":{"line":105,"column":100}},"69":{"start":{"line":106,"column":19},"end":{"line":135,"column":13}},"70":{"start":{"line":107,"column":16},"end":{"line":107,"column":70}},"71":{"start":{"line":111,"column":16},"end":{"line":134,"column":17}},"72":{"start":{"line":114,"column":24},"end":{"line":116,"column":66}},"73":{"start":{"line":118,"column":24},"end":{"line":120,"column":66}},"74":{"start":{"line":129,"column":20},"end":{"line":130,"column":54}},"75":{"start":{"line":133,"column":20},"end":{"line":133,"column":120}},"76":{"start":{"line":138,"column":8},"end":{"line":138,"column":15}},"77":{"start":{"line":142,"column":0},"end":{"line":142,"column":24}}},"fnMap":{"0":{"name":"(anonymous_0)","decl":{"start":{"line":13,"column":17},"end":{"line":13,"column":18}},"loc":{"start":{"line":13,"column":49},"end":{"line":77,"column":1}},"line":13},"1":{"name":"(anonymous_1)","decl":{"start":{"line":34,"column":50},"end":{"line":34,"column":51}},"loc":{"start":{"line":34,"column":60},"end":{"line":34,"column":85}},"line":34},"2":{"name":"(anonymous_2)","decl":{"start":{"line":35,"column":49},"end":{"line":35,"column":50}},"loc":{"start":{"line":35,"column":59},"end":{"line":36,"column":62}},"line":35},"3":{"name":"(anonymous_3)","decl":{"start":{"line":46,"column":56},"end":{"line":46,"column":57}},"loc":{"start":{"line":47,"column":20},"end":{"line":47,"column":74}},"line":47},"4":{"name":"(anonymous_4)","decl":{"start":{"line":60,"column":82},"end":{"line":60,"column":83}},"loc":{"start":{"line":60,"column":99},"end":{"line":68,"column":21}},"line":60},"5":{"name":"(anonymous_5)","decl":{"start":{"line":83,"column":39},"end":{"line":83,"column":40}},"loc":{"start":{"line":83,"column":65},"end":{"line":140,"column":1}},"line":83},"6":{"name":"(anonymous_6)","decl":{"start":{"line":100,"column":50},"end":{"line":100,"column":51}},"loc":{"start":{"line":100,"column":60},"end":{"line":100,"column":85}},"line":100},"7":{"name":"(anonymous_7)","decl":{"start":{"line":101,"column":48},"end":{"line":101,"column":49}},"loc":{"start":{"line":101,"column":58},"end":{"line":102,"column":53}},"line":101},"8":{"name":"(anonymous_8)","decl":{"start":{"line":113,"column":42},"end":{"line":113,"column":43}},"loc":{"start":{"line":114,"column":24},"end":{"line":116,"column":66}},"line":114},"9":{"name":"(anonymous_9)","decl":{"start":{"line":117,"column":44},"end":{"line":117,"column":45}},"loc":{"start":{"line":118,"column":24},"end":{"line":120,"column":66}},"line":118}},"branchMap":{"0":{"loc":{"start":{"line":18,"column":8},"end":{"line":72,"column":9}},"type":"if","locations":[{"start":{"line":18,"column":8},"end":{"line":72,"column":9}},{"start":{"line":18,"column":8},"end":{"line":72,"column":9}}],"line":18},"1":{"loc":{"start":{"line":20,"column":15},"end":{"line":72,"column":9}},"type":"if","locations":[{"start":{"line":20,"column":15},"end":{"line":72,"column":9}},{"start":{"line":20,"column":15},"end":{"line":72,"column":9}}],"line":20},"2":{"loc":{"start":{"line":20,"column":19},"end":{"line":20,"column":69}},"type":"binary-expr","locations":[{"start":{"line":20,"column":19},"end":{"line":20,"column":37}},{"start":{"line":20,"column":41},"end":{"line":20,"column":69}}],"line":20},"3":{"loc":{"start":{"line":22,"column":15},"end":{"line":72,"column":9}},"type":"if","locations":[{"start":{"line":22,"column":15},"end":{"line":72,"column":9}},{"start":{"line":22,"column":15},"end":{"line":72,"column":9}}],"line":22},"4":{"loc":{"start":{"line":24,"column":15},"end":{"line":72,"column":9}},"type":"if","locations":[{"start":{"line":24,"column":15},"end":{"line":72,"column":9}},{"start":{"line":24,"column":15},"end":{"line":72,"column":9}}],"line":24},"5":{"loc":{"start":{"line":26,"column":15},"end":{"line":72,"column":9}},"type":"if","locations":[{"start":{"line":26,"column":15},"end":{"line":72,"column":9}},{"start":{"line":26,"column":15},"end":{"line":72,"column":9}}],"line":26},"6":{"loc":{"start":{"line":28,"column":15},"end":{"line":72,"column":9}},"type":"if","locations":[{"start":{"line":28,"column":15},"end":{"line":72,"column":9}},{"start":{"line":28,"column":15},"end":{"line":72,"column":9}}],"line":28},"7":{"loc":{"start":{"line":30,"column":15},"end":{"line":72,"column":9}},"type":"if","locations":[{"start":{"line":30,"column":15},"end":{"line":72,"column":9}},{"start":{"line":30,"column":15},"end":{"line":72,"column":9}}],"line":30},"8":{"loc":{"start":{"line":35,"column":59},"end":{"line":36,"column":62}},"type":"binary-expr","locations":[{"start":{"line":35,"column":59},"end":{"line":35,"column":94}},{"start":{"line":36,"column":19},"end":{"line":36,"column":62}}],"line":35},"9":{"loc":{"start":{"line":38,"column":12},"end":{"line":71,"column":13}},"type":"if","locations":[{"start":{"line":38,"column":12},"end":{"line":71,"column":13}},{"start":{"line":38,"column":12},"end":{"line":71,"column":13}}],"line":38},"10":{"loc":{"start":{"line":40,"column":19},"end":{"line":71,"column":13}},"type":"if","locations":[{"start":{"line":40,"column":19},"end":{"line":71,"column":13}},{"start":{"line":40,"column":19},"end":{"line":71,"column":13}}],"line":40},"11":{"loc":{"start":{"line":42,"column":19},"end":{"line":71,"column":13}},"type":"if","locations":[{"start":{"line":42,"column":19},"end":{"line":71,"column":13}},{"start":{"line":42,"column":19},"end":{"line":71,"column":13}}],"line":42},"12":{"loc":{"start":{"line":42,"column":23},"end":{"line":42,"column":96}},"type":"binary-expr","locations":[{"start":{"line":42,"column":23},"end":{"line":42,"column":70}},{"start":{"line":42,"column":74},"end":{"line":42,"column":96}}],"line":42},"13":{"loc":{"start":{"line":50,"column":16},"end":{"line":70,"column":17}},"type":"if","locations":[{"start":{"line":50,"column":16},"end":{"line":70,"column":17}},{"start":{"line":50,"column":16},"end":{"line":70,"column":17}}],"line":50},"14":{"loc":{"start":{"line":52,"column":23},"end":{"line":70,"column":17}},"type":"if","locations":[{"start":{"line":52,"column":23},"end":{"line":70,"column":17}},{"start":{"line":52,"column":23},"end":{"line":70,"column":17}}],"line":52},"15":{"loc":{"start":{"line":52,"column":27},"end":{"line":52,"column":108}},"type":"binary-expr","locations":[{"start":{"line":52,"column":27},"end":{"line":52,"column":65}},{"start":{"line":52,"column":69},"end":{"line":52,"column":108}}],"line":52},"16":{"loc":{"start":{"line":57,"column":20},"end":{"line":59,"column":21}},"type":"if","locations":[{"start":{"line":57,"column":20},"end":{"line":59,"column":21}},{"start":{"line":57,"column":20},"end":{"line":59,"column":21}}],"line":57},"17":{"loc":{"start":{"line":61,"column":24},"end":{"line":67,"column":25}},"type":"if","locations":[{"start":{"line":61,"column":24},"end":{"line":67,"column":25}},{"start":{"line":61,"column":24},"end":{"line":67,"column":25}}],"line":61},"18":{"loc":{"start":{"line":89,"column":8},"end":{"line":136,"column":9}},"type":"if","locations":[{"start":{"line":89,"column":8},"end":{"line":136,"column":9}},{"start":{"line":89,"column":8},"end":{"line":136,"column":9}}],"line":89},"19":{"loc":{"start":{"line":91,"column":15},"end":{"line":136,"column":9}},"type":"if","locations":[{"start":{"line":91,"column":15},"end":{"line":136,"column":9}},{"start":{"line":91,"column":15},"end":{"line":136,"column":9}}],"line":91},"20":{"loc":{"start":{"line":93,"column":15},"end":{"line":136,"column":9}},"type":"if","locations":[{"start":{"line":93,"column":15},"end":{"line":136,"column":9}},{"start":{"line":93,"column":15},"end":{"line":136,"column":9}}],"line":93},"21":{"loc":{"start":{"line":95,"column":15},"end":{"line":136,"column":9}},"type":"if","locations":[{"start":{"line":95,"column":15},"end":{"line":136,"column":9}},{"start":{"line":95,"column":15},"end":{"line":136,"column":9}}],"line":95},"22":{"loc":{"start":{"line":97,"column":15},"end":{"line":136,"column":9}},"type":"if","locations":[{"start":{"line":97,"column":15},"end":{"line":136,"column":9}},{"start":{"line":97,"column":15},"end":{"line":136,"column":9}}],"line":97},"23":{"loc":{"start":{"line":101,"column":58},"end":{"line":102,"column":53}},"type":"binary-expr","locations":[{"start":{"line":101,"column":58},"end":{"line":101,"column":103}},{"start":{"line":102,"column":16},"end":{"line":102,"column":53}}],"line":101},"24":{"loc":{"start":{"line":104,"column":12},"end":{"line":135,"column":13}},"type":"if","locations":[{"start":{"line":104,"column":12},"end":{"line":135,"column":13}},{"start":{"line":104,"column":12},"end":{"line":135,"column":13}}],"line":104},"25":{"loc":{"start":{"line":106,"column":19},"end":{"line":135,"column":13}},"type":"if","locations":[{"start":{"line":106,"column":19},"end":{"line":135,"column":13}},{"start":{"line":106,"column":19},"end":{"line":135,"column":13}}],"line":106},"26":{"loc":{"start":{"line":111,"column":16},"end":{"line":134,"column":17}},"type":"if","locations":[{"start":{"line":111,"column":16},"end":{"line":134,"column":17}},{"start":{"line":111,"column":16},"end":{"line":134,"column":17}}],"line":111},"27":{"loc":{"start":{"line":111,"column":20},"end":{"line":120,"column":68}},"type":"binary-expr","locations":[{"start":{"line":111,"column":20},"end":{"line":111,"column":41}},{"start":{"line":112,"column":24},"end":{"line":112,"column":70}},{"start":{"line":113,"column":24},"end":{"line":116,"column":67}},{"start":{"line":117,"column":24},"end":{"line":120,"column":67}}],"line":111},"28":{"loc":{"start":{"line":114,"column":24},"end":{"line":116,"column":66}},"type":"binary-expr","locations":[{"start":{"line":114,"column":24},"end":{"line":114,"column":71}},{"start":{"line":115,"column":24},"end":{"line":115,"column":63}},{"start":{"line":116,"column":24},"end":{"line":116,"column":66}}],"line":114},"29":{"loc":{"start":{"line":118,"column":24},"end":{"line":120,"column":66}},"type":"binary-expr","locations":[{"start":{"line":118,"column":24},"end":{"line":118,"column":73}},{"start":{"line":119,"column":24},"end":{"line":119,"column":65}},{"start":{"line":120,"column":24},"end":{"line":120,"column":66}}],"line":118}},"s":{"0":1,"1":1,"2":1,"3":1,"4":1,"5":1,"6":1,"7":0,"8":0,"9":0,"10":0,"11":0,"12":0,"13":0,"14":0,"15":0,"16":0,"17":0,"18":0,"19":0,"20":0,"21":0,"22":0,"23":0,"24":0,"25":0,"26":0,"27":0,"28":0,"29":0,"30":0,"31":0,"32":0,"33":0,"34":0,"35":0,"36":0,"37":0,"38":0,"39":0,"40":0,"41":0,"42":0,"43":0,"44":0,"45":0,"46":0,"47":0,"48":0,"49":0,"50":1,"51":0,"52":0,"53":0,"54":0,"55":0,"56":0,"57":0,"58":0,"59":0,"60":0,"61":0,"62":0,"63":0,"64":0,"65":0,"66":0,"67":0,"68":0,"69":0,"70":0,"71":0,"72":0,"73":0,"74":0,"75":0,"76":0,"77":1},"f":{"0":0,"1":0,"2":0,"3":0,"4":0,"5":0,"6":0,"7":0,"8":0,"9":0},"b":{"0":[0,0],"1":[0,0],"2":[0,0],"3":[0,0],"4":[0,0],"5":[0,0],"6":[0,0],"7":[0,0],"8":[0,0],"9":[0,0],"10":[0,0],"11":[0,0],"12":[0,0],"13":[0,0],"14":[0,0],"15":[0,0],"16":[0,0],"17":[0,0],"18":[0,0],"19":[0,0],"20":[0,0],"21":[0,0],"22":[0,0],"23":[0,0],"24":[0,0],"25":[0,0],"26":[0,0],"27":[0,0,0,0],"28":[0,0,0],"29":[0,0,0]},"_coverageSchema":"43e27e138ebf9cfc5966b082cf9a028302ed4184","hash":"28160a8c84e538f4397289ad08346796b61d18e4","contentHash":"1649e073bfbd1ac9caacadaee42417aadc7872ae57328ef413a81c9769ae9232"},"C:\\Users\\Kacper\\Desktop\\Work\\Prog\\Summative Project\\routes\\indexs.js":{"path":"C:\\Users\\Kacper\\Desktop\\Work\\Prog\\Summative Project\\routes\\indexs.js","statementMap":{"0":{"start":{"line":1,"column":15},"end":{"line":1,"column":42}},"1":{"start":{"line":2,"column":13},"end":{"line":2,"column":28}},"2":{"start":{"line":3,"column":20},"end":{"line":3,"column":42}},"3":{"start":{"line":6,"column":16},"end":{"line":6,"column":75}},"4":{"start":{"line":6,"column":54},"end":{"line":6,"column":74}},"5":{"start":{"line":16,"column":0},"end":{"line":24,"column":2}},"6":{"start":{"line":17,"column":18},"end":{"line":17,"column":64}},"7":{"start":{"line":17,"column":39},"end":{"line":17,"column":63}},"8":{"start":{"line":19,"column":4},"end":{"line":23,"column":5}},"9":{"start":{"line":20,"column":8},"end":{"line":20,"column":70}},"10":{"start":{"line":22,"column":8},"end":{"line":22,"column":31}}},"fnMap":{"0":{"name":"(anonymous_0)","decl":{"start":{"line":6,"column":40},"end":{"line":6,"column":41}},"loc":{"start":{"line":6,"column":54},"end":{"line":6,"column":74}},"line":6},"1":{"name":"(anonymous_1)","decl":{"start":{"line":16,"column":17},"end":{"line":16,"column":18}},"loc":{"start":{"line":16,"column":43},"end":{"line":24,"column":1}},"line":16},"2":{"name":"(anonymous_2)","decl":{"start":{"line":17,"column":31},"end":{"line":17,"column":32}},"loc":{"start":{"line":17,"column":39},"end":{"line":17,"column":63}},"line":17}},"branchMap":{"0":{"loc":{"start":{"line":19,"column":4},"end":{"line":23,"column":5}},"type":"if","locations":[{"start":{"line":19,"column":4},"end":{"line":23,"column":5}},{"start":{"line":19,"column":4},"end":{"line":23,"column":5}}],"line":19}},"s":{"0":1,"1":1,"2":1,"3":1,"4":5,"5":1,"6":0,"7":0,"8":0,"9":0,"10":0},"f":{"0":5,"1":0,"2":0},"b":{"0":[0,0]},"_coverageSchema":"43e27e138ebf9cfc5966b082cf9a028302ed4184","hash":"9eb7b312fc3f041d6818a55b323d1fc6d98ff335","contentHash":"b8701a36193321810dd4477aab928d81790b74cf065c45c8307604d872e68286"}}